[debug] [2026-04-20T00:37:08.506Z] [Firebase Plugin] Activating Firebase extension.
[info] [Firebase Plugin] Checked firebase-tools, is up to date!
[debug] [2026-04-20T00:37:17.199Z] [Firebase Plugin] requireAuthWrapper
[debug] [2026-04-20T00:37:17.200Z] > command requires scopes: ["email","openid","https://www.googleapis.com/auth/cloudplatformprojects.readonly","https://www.googleapis.com/auth/firebase","https://www.googleapis.com/auth/cloud-platform"]
[debug] [2026-04-20T00:37:17.201Z] > authorizing via signed-in user (carlosaac232001@gmail.com)
[debug] [2026-04-20T00:37:17.204Z] Checked if tokens are valid: true, expires at: 1776648347538
[debug] [2026-04-20T00:37:17.205Z] Checked if tokens are valid: true, expires at: 1776648347538
[debug] [2026-04-20T00:37:17.205Z] [Firebase Plugin] User found:  carlosaac232001@gmail.com
[info] [Firebase Plugin] (Core:Project) New user detected, fetching projects
[debug] [2026-04-20T00:37:17.206Z] Checked if tokens are valid: true, expires at: 1776648347538
[debug] [2026-04-20T00:37:17.207Z] >>> [apiv2][query] GET https://firebase.googleapis.com/v1beta1/projects pageSize=1000
[debug] [2026-04-20T00:37:17.263Z] [Firebase Plugin] VSCode notification server listening on port 40001
[info] [Firebase Plugin] Starting SQL Connect toolkit (version 3.4.5) on port 50001
[debug] [2026-04-20T00:37:18.076Z] I0419 19:37:18.073529  222609 control.go:100] [projects/emulator/locations/emulator/services/skilled-7ef67-service d0e1] UpdateResources(): done
Main schema: sources: schema/schema.gql [0B] 
Connector "example": sources: 
 {"metadata":{"emulator":{"name":"dataconnect"},"message":"I0419 19:37:18.073529  222609 control.go:100] [projects/emulator/locations/emulator/services/skilled-7ef67-service d0e1] UpdateResources(): done\nMain schema: sources: schema/schema.gql [0B] \nConnector \"example\": sources: \n"}}
[debug] [2026-04-20T00:37:18.077Z] Ignoring unsupported arg: auto_download {"metadata":{"emulator":{"name":"dataconnect"},"message":"Ignoring unsupported arg: auto_download"}}
[debug] [2026-04-20T00:37:18.077Z] Ignoring unsupported arg: port {"metadata":{"emulator":{"name":"dataconnect"},"message":"Ignoring unsupported arg: port"}}
[debug] [2026-04-20T00:37:18.077Z] Starting SQL Connect Emulator with command {"binary":"/home/carlos/.cache/firebase/emulators/dataconnect-emulator-3.4.5","args":["--logtostderr","-v=2","dev","--listen=localhost:50001","--config_dir=/home/carlos/Projects/skilled/dataconnect","--enable_output_schema_extensions=true","--enable_output_generated_sdk=true"],"optionalArgs":["listen","config_dir","enable_output_schema_extensions","enable_output_generated_sdk"],"joinArgs":true,"shell":false,"port":9399} {"metadata":{"emulator":{"name":"dataconnect"},"message":"Starting SQL Connect Emulator with command {\"binary\":\"/home/carlos/.cache/firebase/emulators/dataconnect-emulator-3.4.5\",\"args\":[\"--logtostderr\",\"-v=2\",\"dev\",\"--listen=localhost:50001\",\"--config_dir=/home/carlos/Projects/skilled/dataconnect\",\"--enable_output_schema_extensions=true\",\"--enable_output_generated_sdk=true\"],\"optionalArgs\":[\"listen\",\"config_dir\",\"enable_output_schema_extensions\",\"enable_output_generated_sdk\"],\"joinArgs\":true,\"shell\":false,\"port\":9399}"}}
[info] i  dataconnect: SQL Connect Emulator logging to dataconnect-debug.log {"metadata":{"emulator":{"name":"dataconnect"},"message":"SQL Connect Emulator logging to dataconnect-debug.log"}}
[debug] [2026-04-20T00:37:18.102Z] I0419 19:37:18.102601  222618 load.go:31] Reloading schema and connectors...
 {"metadata":{"emulator":{"name":"dataconnect"},"message":"I0419 19:37:18.102601  222618 load.go:31] Reloading schema and connectors...\n"}}
[debug] [2026-04-20T00:37:18.139Z] I0419 19:37:18.107200  222618 control.go:100] [projects/emulator/locations/emulator/services/skilled-7ef67-service 2f96] UpdateResources(): done
Main schema: sources: schema/schema.gql [0B] 
Connector "example": sources: 
E0419 19:37:18.110597  222618 load.go:95] Errors generating SDK: [connector "example"]: invalid Data Connect Connector no query found in connector
I0419 19:37:18.110976  222618 collector.go:107] schema extensions wrote into "/home/carlos/Projects/skilled/dataconnect/.dataconnect/schema"
Generated sources: prelude.gql [82799B] 
I0419 19:37:18.111006  222618 load.go:109] Finished reloading
I0419 19:37:18.111541  222618 dev.go:104] Listening on address (HTTP + gRPC): 127.0.0.1:50001
 {"metadata":{"emulator":{"name":"dataconnect"},"message":"I0419 19:37:18.107200  222618 control.go:100] [projects/emulator/locations/emulator/services/skilled-7ef67-service 2f96] UpdateResources(): done\nMain schema: sources: schema/schema.gql [0B] \nConnector \"example\": sources: \nE0419 19:37:18.110597  222618 load.go:95] Errors generating SDK: [connector \"example\"]: invalid Data Connect Connector no query found in connector\nI0419 19:37:18.110976  222618 collector.go:107] schema extensions wrote into \"/home/carlos/Projects/skilled/dataconnect/.dataconnect/schema\"\nGenerated sources: prelude.gql [82799B] \nI0419 19:37:18.111006  222618 load.go:109] Finished reloading\nI0419 19:37:18.111541  222618 dev.go:104] Listening on address (HTTP + gRPC): 127.0.0.1:50001\n"}}
[debug] [2026-04-20T00:37:23.919Z] I0419 19:37:23.789202  222618 engine.go:209] [projects/emulator/locations/emulator/services/skilled-7ef67-service 2f96] ExecuteGraphqlRead query IntrospectionQuery: succeeded. 
 {"metadata":{"emulator":{"name":"dataconnect"},"message":"I0419 19:37:23.789202  222618 engine.go:209] [projects/emulator/locations/emulator/services/skilled-7ef67-service 2f96] ExecuteGraphqlRead query IntrospectionQuery: succeeded. \n"}}
[debug] [2026-04-20T00:37:24.683Z] <<< [apiv2][status] GET https://firebase.googleapis.com/v1beta1/projects 200
[debug] [2026-04-20T00:37:24.683Z] <<< [apiv2][body] GET https://firebase.googleapis.com/v1beta1/projects [omitted]
[debug] [2026-04-20T00:37:38.120Z] I0419 19:37:38.120579  222618 load.go:31] Reloading schema and connectors...
 {"metadata":{"emulator":{"name":"dataconnect"},"message":"I0419 19:37:38.120579  222618 load.go:31] Reloading schema and connectors...\n"}}
[debug] [2026-04-20T00:37:38.125Z] I0419 19:37:38.124826  222618 control.go:100] [projects/emulator/locations/emulator/services/skilled-7ef67-service 42fa] UpdateResources(): done
Main schema: sources: schema/schema.gql [80B] 
Connector "example": sources: 
 {"metadata":{"emulator":{"name":"dataconnect"},"message":"I0419 19:37:38.124826  222618 control.go:100] [projects/emulator/locations/emulator/services/skilled-7ef67-service 42fa] UpdateResources(): done\nMain schema: sources: schema/schema.gql [80B] \nConnector \"example\": sources: \n"}}
[debug] [2026-04-20T00:37:38.128Z] E0419 19:37:38.127937  222618 load.go:95] Errors generating SDK: [connector "example"]: invalid Data Connect Connector no query found in connector
 {"metadata":{"emulator":{"name":"dataconnect"},"message":"E0419 19:37:38.127937  222618 load.go:95] Errors generating SDK: [connector \"example\"]: invalid Data Connect Connector no query found in connector\n"}}
[debug] [2026-04-20T00:37:38.128Z] I0419 19:37:38.128367  222618 collector.go:107] schema extensions wrote into "/home/carlos/Projects/skilled/dataconnect/.dataconnect/schema"
Generated sources: prelude.gql [82799B] main/input.gql [3613B] main/relation.gql [851B] main/query.gql [1175B] main/mutation.gql [3149B] 
I0419 19:37:38.128398  222618 load.go:109] Finished reloading
 {"metadata":{"emulator":{"name":"dataconnect"},"message":"I0419 19:37:38.128367  222618 collector.go:107] schema extensions wrote into \"/home/carlos/Projects/skilled/dataconnect/.dataconnect/schema\"\nGenerated sources: prelude.gql [82799B] main/input.gql [3613B] main/relation.gql [851B] main/query.gql [1175B] main/mutation.gql [3149B] \nI0419 19:37:38.128398  222618 load.go:109] Finished reloading\n"}}
[debug] [2026-04-20T00:38:08.121Z] I0419 19:38:08.121063  222618 load.go:31] Reloading schema and connectors...
 {"metadata":{"emulator":{"name":"dataconnect"},"message":"I0419 19:38:08.121063  222618 load.go:31] Reloading schema and connectors...\n"}}
[debug] [2026-04-20T00:38:08.135Z] I0419 19:38:08.133118  222618 control.go:100] [projects/emulator/locations/emulator/services/skilled-7ef67-service 6a16] UpdateResources(): done
Main schema: sources: schema/schema.gql [135B] 
Connector "example": sources: 
 {"metadata":{"emulator":{"name":"dataconnect"},"message":"I0419 19:38:08.133118  222618 control.go:100] [projects/emulator/locations/emulator/services/skilled-7ef67-service 6a16] UpdateResources(): done\nMain schema: sources: schema/schema.gql [135B] \nConnector \"example\": sources: \n"}}
[debug] [2026-04-20T00:38:08.150Z] E0419 19:38:08.149838  222618 load.go:95] Errors generating SDK: [connector "example"]: invalid Data Connect Connector no query found in connector
 {"metadata":{"emulator":{"name":"dataconnect"},"message":"E0419 19:38:08.149838  222618 load.go:95] Errors generating SDK: [connector \"example\"]: invalid Data Connect Connector no query found in connector\n"}}
[debug] [2026-04-20T00:38:08.153Z] I0419 19:38:08.151374  222618 collector.go:107] schema extensions wrote into "/home/carlos/Projects/skilled/dataconnect/.dataconnect/schema"
Generated sources: main/query.gql [1175B] main/mutation.gql [3149B] prelude.gql [82799B] main/input.gql [5648B] main/relation.gql [1952B] 
I0419 19:38:08.151661  222618 load.go:109] Finished reloading
 {"metadata":{"emulator":{"name":"dataconnect"},"message":"I0419 19:38:08.151374  222618 collector.go:107] schema extensions wrote into \"/home/carlos/Projects/skilled/dataconnect/.dataconnect/schema\"\nGenerated sources: main/query.gql [1175B] main/mutation.gql [3149B] prelude.gql [82799B] main/input.gql [5648B] main/relation.gql [1952B] \nI0419 19:38:08.151661  222618 load.go:109] Finished reloading\n"}}
[debug] [2026-04-20T00:40:58.121Z] I0419 19:40:58.121242  222618 load.go:31] Reloading schema and connectors...
 {"metadata":{"emulator":{"name":"dataconnect"},"message":"I0419 19:40:58.121242  222618 load.go:31] Reloading schema and connectors...\n"}}
[debug] [2026-04-20T00:40:58.143Z] I0419 19:40:58.143127  222618 control.go:100] [projects/emulator/locations/emulator/services/skilled-7ef67-service ec66] UpdateResources(): done
Main schema: sources: schema/schema.gql [327B] 
Connector "example": sources: 
 {"metadata":{"emulator":{"name":"dataconnect"},"message":"I0419 19:40:58.143127  222618 control.go:100] [projects/emulator/locations/emulator/services/skilled-7ef67-service ec66] UpdateResources(): done\nMain schema: sources: schema/schema.gql [327B] \nConnector \"example\": sources: \n"}}
[debug] [2026-04-20T00:40:58.166Z] E0419 19:40:58.166235  222618 load.go:95] Errors generating SDK: [connector "example"]: invalid Data Connect Connector no query found in connector
 {"metadata":{"emulator":{"name":"dataconnect"},"message":"E0419 19:40:58.166235  222618 load.go:95] Errors generating SDK: [connector \"example\"]: invalid Data Connect Connector no query found in connector\n"}}
[debug] [2026-04-20T00:40:58.171Z] I0419 19:40:58.169484  222618 collector.go:107] schema extensions wrote into "/home/carlos/Projects/skilled/dataconnect/.dataconnect/schema"
Generated sources: main/relation.gql [4725B] main/query.gql [2404B] main/mutation.gql [6444B] prelude.gql [82799B] main/implicit.gql [266B] main/input.gql [12155B] 
I0419 19:40:58.169604  222618 load.go:109] Finished reloading
 {"metadata":{"emulator":{"name":"dataconnect"},"message":"I0419 19:40:58.169484  222618 collector.go:107] schema extensions wrote into \"/home/carlos/Projects/skilled/dataconnect/.dataconnect/schema\"\nGenerated sources: main/relation.gql [4725B] main/query.gql [2404B] main/mutation.gql [6444B] prelude.gql [82799B] main/implicit.gql [266B] main/input.gql [12155B] \nI0419 19:40:58.169604  222618 load.go:109] Finished reloading\n"}}
[debug] [2026-04-20T00:41:18.112Z] I0419 19:41:18.112547  222618 load.go:31] Reloading schema and connectors...
 {"metadata":{"emulator":{"name":"dataconnect"},"message":"I0419 19:41:18.112547  222618 load.go:31] Reloading schema and connectors...\n"}}
[debug] [2026-04-20T00:41:18.119Z] E0419 19:41:18.118744  222618 load.go:73] Could not load sources: 
Errors: schema/schema.gql:23:3: Field Skill.installCommand can only be defined once.
 {"metadata":{"emulator":{"name":"dataconnect"},"message":"E0419 19:41:18.118744  222618 load.go:73] Could not load sources: \nErrors: schema/schema.gql:23:3: Field Skill.installCommand can only be defined once.\n"}}
[debug] [2026-04-20T00:41:18.121Z] I0419 19:41:18.121083  222618 collector.go:107] schema extensions wrote into "/home/carlos/Projects/skilled/dataconnect/.dataconnect/schema"
Generated sources: prelude.gql [82799B] main/implicit.gql [266B] main/input.gql [12155B] main/relation.gql [4725B] main/query.gql [2404B] main/mutation.gql [6444B] 
I0419 19:41:18.121152  222618 load.go:74] Finished reloading
 {"metadata":{"emulator":{"name":"dataconnect"},"message":"I0419 19:41:18.121083  222618 collector.go:107] schema extensions wrote into \"/home/carlos/Projects/skilled/dataconnect/.dataconnect/schema\"\nGenerated sources: prelude.gql [82799B] main/implicit.gql [266B] main/input.gql [12155B] main/relation.gql [4725B] main/query.gql [2404B] main/mutation.gql [6444B] \nI0419 19:41:18.121152  222618 load.go:74] Finished reloading\n"}}
[debug] [2026-04-20T00:42:28.120Z] I0419 19:42:28.120449  222618 load.go:31] Reloading schema and connectors...
 {"metadata":{"emulator":{"name":"dataconnect"},"message":"I0419 19:42:28.120449  222618 load.go:31] Reloading schema and connectors...\n"}}
[debug] [2026-04-20T00:42:28.127Z] I0419 19:42:28.127259  222618 control.go:100] [projects/emulator/locations/emulator/services/skilled-7ef67-service c449] UpdateResources(): done
Main schema: sources: schema/schema.gql [484B] 
Connector "example": sources: 
 {"metadata":{"emulator":{"name":"dataconnect"},"message":"I0419 19:42:28.127259  222618 control.go:100] [projects/emulator/locations/emulator/services/skilled-7ef67-service c449] UpdateResources(): done\nMain schema: sources: schema/schema.gql [484B] \nConnector \"example\": sources: \n"}}
[debug] [2026-04-20T00:42:28.133Z] E0419 19:42:28.133521  222618 load.go:95] Errors generating SDK: [connector "example"]: invalid Data Connect Connector no query found in connector
 {"metadata":{"emulator":{"name":"dataconnect"},"message":"E0419 19:42:28.133521  222618 load.go:95] Errors generating SDK: [connector \"example\"]: invalid Data Connect Connector no query found in connector\n"}}
[debug] [2026-04-20T00:42:28.134Z] I0419 19:42:28.134023  222618 collector.go:107] schema extensions wrote into "/home/carlos/Projects/skilled/dataconnect/.dataconnect/schema"
Generated sources: prelude.gql [82799B] main/implicit.gql [266B] main/input.gql [16026B] main/relation.gql [6578B] main/query.gql [2404B] main/mutation.gql [6444B] 
I0419 19:42:28.134046  222618 load.go:109] Finished reloading
 {"metadata":{"emulator":{"name":"dataconnect"},"message":"I0419 19:42:28.134023  222618 collector.go:107] schema extensions wrote into \"/home/carlos/Projects/skilled/dataconnect/.dataconnect/schema\"\nGenerated sources: prelude.gql [82799B] main/implicit.gql [266B] main/input.gql [16026B] main/relation.gql [6578B] main/query.gql [2404B] main/mutation.gql [6444B] \nI0419 19:42:28.134046  222618 load.go:109] Finished reloading\n"}}
[debug] [2026-04-20T00:42:58.120Z] I0419 19:42:58.120605  222618 load.go:31] Reloading schema and connectors...
 {"metadata":{"emulator":{"name":"dataconnect"},"message":"I0419 19:42:58.120605  222618 load.go:31] Reloading schema and connectors...\n"}}
[debug] [2026-04-20T00:42:58.128Z] I0419 19:42:58.128492  222618 control.go:100] [projects/emulator/locations/emulator/services/skilled-7ef67-service b938] UpdateResources(): done
Main schema: sources: schema/schema.gql [483B] 
Connector "example": sources: 
 {"metadata":{"emulator":{"name":"dataconnect"},"message":"I0419 19:42:58.128492  222618 control.go:100] [projects/emulator/locations/emulator/services/skilled-7ef67-service b938] UpdateResources(): done\nMain schema: sources: schema/schema.gql [483B] \nConnector \"example\": sources: \n"}}
[debug] [2026-04-20T00:42:58.137Z] E0419 19:42:58.136912  222618 load.go:95] Errors generating SDK: [connector "example"]: invalid Data Connect Connector no query found in connector
 {"metadata":{"emulator":{"name":"dataconnect"},"message":"E0419 19:42:58.136912  222618 load.go:95] Errors generating SDK: [connector \"example\"]: invalid Data Connect Connector no query found in connector\n"}}
[debug] [2026-04-20T00:42:58.137Z] I0419 19:42:58.137576  222618 collector.go:107] schema extensions wrote into "/home/carlos/Projects/skilled/dataconnect/.dataconnect/schema"
Generated sources: main/mutation.gql [6444B] prelude.gql [82799B] main/implicit.gql [266B] main/input.gql [16026B] main/relation.gql [6578B] main/query.gql [2404B] 
I0419 19:42:58.137609  222618 load.go:109] Finished reloading
 {"metadata":{"emulator":{"name":"dataconnect"},"message":"I0419 19:42:58.137576  222618 collector.go:107] schema extensions wrote into \"/home/carlos/Projects/skilled/dataconnect/.dataconnect/schema\"\nGenerated sources: main/mutation.gql [6444B] prelude.gql [82799B] main/implicit.gql [266B] main/input.gql [16026B] main/relation.gql [6578B] main/query.gql [2404B] \nI0419 19:42:58.137609  222618 load.go:109] Finished reloading\n"}}
[debug] [2026-04-20T00:44:19.563Z] [Firebase Plugin] Value of process.env.MONOSPACE_ENV: undefined
[debug] [2026-04-20T00:44:19.564Z] [Firebase Plugin] requireAuthWrapper
[debug] [2026-04-20T00:44:19.564Z] > command requires scopes: ["email","openid","https://www.googleapis.com/auth/cloudplatformprojects.readonly","https://www.googleapis.com/auth/firebase","https://www.googleapis.com/auth/cloud-platform"]
[debug] [2026-04-20T00:44:19.565Z] > authorizing via signed-in user (carlosaac232001@gmail.com)
[debug] [2026-04-20T00:44:19.565Z] Checked if tokens are valid: true, expires at: 1776648347538
[debug] [2026-04-20T00:44:19.565Z] [Firebase Plugin] User found:  carlosaac232001@gmail.com
[info] [Firebase Plugin] (Core:Project) New user detected, fetching projects
[debug] [2026-04-20T00:44:19.566Z] Checked if tokens are valid: true, expires at: 1776648347538
[debug] [2026-04-20T00:44:19.578Z] >>> [apiv2][query] GET https://firebase.googleapis.com/v1beta1/projects pageSize=1000
[debug] [2026-04-20T00:44:19.597Z] [Firebase Plugin] Value of process.env.MONOSPACE_ENV: undefined
[debug] [2026-04-20T00:44:19.598Z] [Firebase Plugin] requireAuthWrapper
[debug] [2026-04-20T00:44:19.598Z] > command requires scopes: ["email","openid","https://www.googleapis.com/auth/cloudplatformprojects.readonly","https://www.googleapis.com/auth/firebase","https://www.googleapis.com/auth/cloud-platform"]
[debug] [2026-04-20T00:44:19.598Z] > authorizing via signed-in user (carlosaac232001@gmail.com)
[debug] [2026-04-20T00:44:19.598Z] Checked if tokens are valid: true, expires at: 1776648347538
[debug] [2026-04-20T00:44:19.599Z] [Firebase Plugin] User found:  carlosaac232001@gmail.com
[info] [Firebase Plugin] (Core:Project) New user detected, fetching projects
[debug] [2026-04-20T00:44:19.599Z] Checked if tokens are valid: true, expires at: 1776648347538
[debug] [2026-04-20T00:44:19.599Z] >>> [apiv2][query] GET https://firebase.googleapis.com/v1beta1/projects pageSize=1000
[debug] [2026-04-20T00:44:20.170Z] <<< [apiv2][status] GET https://firebase.googleapis.com/v1beta1/projects 200
[debug] [2026-04-20T00:44:20.170Z] <<< [apiv2][body] GET https://firebase.googleapis.com/v1beta1/projects [omitted]
[debug] [2026-04-20T00:44:20.181Z] <<< [apiv2][status] GET https://firebase.googleapis.com/v1beta1/projects 200
[debug] [2026-04-20T00:44:20.181Z] <<< [apiv2][body] GET https://firebase.googleapis.com/v1beta1/projects [omitted]
[debug] [2026-04-20T00:44:32.659Z] I0419 19:44:32.659355  222618 engine.go:209] [projects/emulator/locations/emulator/services/skilled-7ef67-service b938] ExecuteGraphqlRead query IntrospectionQuery: succeeded. 
 {"metadata":{"emulator":{"name":"dataconnect"},"message":"I0419 19:44:32.659355  222618 engine.go:209] [projects/emulator/locations/emulator/services/skilled-7ef67-service b938] ExecuteGraphqlRead query IntrospectionQuery: succeeded. \n"}}
[debug] [2026-04-20T00:44:52.581Z] I0419 19:44:52.580913  222618 engine.go:209] [projects/emulator/locations/emulator/services/skilled-7ef67-service b938] ExecuteGraphqlRead query IntrospectionQuery: succeeded. 
 {"metadata":{"emulator":{"name":"dataconnect"},"message":"I0419 19:44:52.580913  222618 engine.go:209] [projects/emulator/locations/emulator/services/skilled-7ef67-service b938] ExecuteGraphqlRead query IntrospectionQuery: succeeded. \n"}}
[debug] [2026-04-20T00:52:58.560Z] I0419 19:52:58.560250  222618 engine.go:209] [projects/emulator/locations/emulator/services/skilled-7ef67-service b938] ExecuteGraphqlRead query IntrospectionQuery: succeeded. 
 {"metadata":{"emulator":{"name":"dataconnect"},"message":"I0419 19:52:58.560250  222618 engine.go:209] [projects/emulator/locations/emulator/services/skilled-7ef67-service b938] ExecuteGraphqlRead query IntrospectionQuery: succeeded. \n"}}
[debug] [2026-04-20T00:53:17.526Z] I0419 19:53:17.526307  222618 engine.go:209] [projects/emulator/locations/emulator/services/skilled-7ef67-service b938] ExecuteGraphqlRead query IntrospectionQuery: succeeded. 
 {"metadata":{"emulator":{"name":"dataconnect"},"message":"I0419 19:53:17.526307  222618 engine.go:209] [projects/emulator/locations/emulator/services/skilled-7ef67-service b938] ExecuteGraphqlRead query IntrospectionQuery: succeeded. \n"}}
[error] [Firebase Plugin] Failed to find GQL files: Error: ENOENT: no such file or directory, scandir ''
[info] [Firebase Plugin] ExecuteGraphQL (https://firebasedataconnect.googleapis.com) request: {
    "variables": {},
    "query": "# This is a file for you to write an un-named mutation.\n# Only one un-named mutation is allowed per file.\nmutation {\n  user_insert(\n    data: {\n      clerkId: \"user_3CayUXOlCLmHPnVbukw6ct6qQQ1\"\n      email: \"carlosaac232001@gmail.com\"\n      imageUrl: \"https://img.clerk.com/eyJ0eXBlIjoicHJveHkiLCJzcmMiOiJodHRwczovL2xoMy5nb29nbGV1c2VyY29udGVudC5jb20vYS9BQ2c4b2NJbFc5UU9jQ0dxN0kxdXJHZEx4LWNJYnBiMU1ocU8tdF9ldFljb2phN3NaUlZrUW1GLVpnPXMxMDAwLWMiLCJzIjoiU1pmMnJQL0NFTVNHL0JWbjZkQnBNSXRyRFFReWJtSXNKZ3pBWEx4QXJEWSJ9\"\n      username: \"carlosaac23\"\n    }\n  )\n}\n",
    "extensions": {}
}
[debug] [2026-04-20T00:54:19.016Z] Checked if tokens are valid: true, expires at: 1776648347538
[debug] [2026-04-20T00:54:19.016Z] >>> [apiv2][query] POST https://firebasedataconnect.googleapis.com/v1/projects/skilled-7ef67/locations/us-east4/services/skilled-7ef67-service:executeGraphql [none]
[debug] [2026-04-20T00:54:19.017Z] >>> [apiv2][body] POST https://firebasedataconnect.googleapis.com/v1/projects/skilled-7ef67/locations/us-east4/services/skilled-7ef67-service:executeGraphql {"variables":{},"query":"# This is a file for you to write an un-named mutation.\n# Only one un-named mutation is allowed per file.\nmutation {\n  user_insert(\n    data: {\n      clerkId: \"user_3CayUXOlCLmHPnVbukw6ct6qQQ1\"\n      email: \"carlosaac232001@gmail.com\"\n      imageUrl: \"https://img.clerk.com/eyJ0eXBlIjoicHJveHkiLCJzcmMiOiJodHRwczovL2xoMy5nb29nbGV1c2VyY29udGVudC5jb20vYS9BQ2c4b2NJbFc5UU9jQ0dxN0kxdXJHZEx4LWNJYnBiMU1ocU8tdF9ldFljb2phN3NaUlZrUW1GLVpnPXMxMDAwLWMiLCJzIjoiU1pmMnJQL0NFTVNHL0JWbjZkQnBNSXRyRFFReWJtSXNKZ3pBWEx4QXJEWSJ9\"\n      username: \"carlosaac23\"\n    }\n  )\n}\n","extensions":{}}
[debug] [2026-04-20T00:54:20.227Z] <<< [apiv2][status] POST https://firebasedataconnect.googleapis.com/v1/projects/skilled-7ef67/locations/us-east4/services/skilled-7ef67-service:executeGraphql 200
[debug] [2026-04-20T00:54:20.228Z] <<< [apiv2][body] POST https://firebasedataconnect.googleapis.com/v1/projects/skilled-7ef67/locations/us-east4/services/skilled-7ef67-service:executeGraphql {"data":{"user_insert":{"clerkId":"user_3CayUXOlCLmHPnVbukw6ct6qQQ1"}}}
[debug] [2026-04-20T00:54:56.433Z] I0419 19:54:56.431212  222618 engine.go:209] [projects/emulator/locations/emulator/services/skilled-7ef67-service b938] ExecuteGraphqlRead query IntrospectionQuery: succeeded. 
 {"metadata":{"emulator":{"name":"dataconnect"},"message":"I0419 19:54:56.431212  222618 engine.go:209] [projects/emulator/locations/emulator/services/skilled-7ef67-service b938] ExecuteGraphqlRead query IntrospectionQuery: succeeded. \n"}}
[debug] [2026-04-20T00:55:14.409Z] I0419 19:55:14.409232  222618 engine.go:209] [projects/emulator/locations/emulator/services/skilled-7ef67-service b938] ExecuteGraphqlRead query IntrospectionQuery: succeeded. 
 {"metadata":{"emulator":{"name":"dataconnect"},"message":"I0419 19:55:14.409232  222618 engine.go:209] [projects/emulator/locations/emulator/services/skilled-7ef67-service b938] ExecuteGraphqlRead query IntrospectionQuery: succeeded. \n"}}
[info] [Firebase Plugin] Stopping SQL Connect toolkit
[warn] ⚠  SQL Connect Emulator has exited upon receiving signal: SIGINT 
[debug] [2026-04-20T00:59:24.779Z] [Firebase Plugin] Activating Firebase extension.
[info] [Firebase Plugin] Checked firebase-tools, is up to date!
[debug] [2026-04-20T00:59:52.349Z] [Firebase Plugin] requireAuthWrapper
[debug] [2026-04-20T00:59:52.351Z] > command requires scopes: ["email","openid","https://www.googleapis.com/auth/cloudplatformprojects.readonly","https://www.googleapis.com/auth/firebase","https://www.googleapis.com/auth/cloud-platform"]
[debug] [2026-04-20T00:59:52.358Z] > authorizing via signed-in user (carlosaac232001@gmail.com)
[debug] [2026-04-20T00:59:52.364Z] Checked if tokens are valid: true, expires at: 1776648347538
[debug] [2026-04-20T00:59:52.365Z] Checked if tokens are valid: true, expires at: 1776648347538
[debug] [2026-04-20T00:59:52.365Z] [Firebase Plugin] User found:  carlosaac232001@gmail.com
[info] [Firebase Plugin] (Core:Project) New user detected, fetching projects
[debug] [2026-04-20T00:59:52.366Z] Checked if tokens are valid: true, expires at: 1776648347538
[debug] [2026-04-20T00:59:52.367Z] >>> [apiv2][query] GET https://firebase.googleapis.com/v1beta1/projects pageSize=1000
[debug] [2026-04-20T00:59:52.379Z] [Firebase Plugin] VSCode notification server listening on port 40001
[info] [Firebase Plugin] Starting SQL Connect toolkit (version 3.4.5) on port 50001
[debug] [2026-04-20T01:00:01.459Z] I0419 20:00:01.449974  241501 control.go:100] [projects/emulator/locations/emulator/services/skilled-7ef67-service 941b] UpdateResources(): done
Main schema: sources: schema/schema.gql [483B] 
Connector "example": sources: 
 {"metadata":{"emulator":{"name":"dataconnect"},"message":"I0419 20:00:01.449974  241501 control.go:100] [projects/emulator/locations/emulator/services/skilled-7ef67-service 941b] UpdateResources(): done\nMain schema: sources: schema/schema.gql [483B] \nConnector \"example\": sources: \n"}}
[debug] [2026-04-20T01:00:01.460Z] Ignoring unsupported arg: auto_download {"metadata":{"emulator":{"name":"dataconnect"},"message":"Ignoring unsupported arg: auto_download"}}
[debug] [2026-04-20T01:00:01.461Z] Ignoring unsupported arg: port {"metadata":{"emulator":{"name":"dataconnect"},"message":"Ignoring unsupported arg: port"}}
[debug] [2026-04-20T01:00:01.461Z] Starting SQL Connect Emulator with command {"binary":"/home/carlos/.cache/firebase/emulators/dataconnect-emulator-3.4.5","args":["--logtostderr","-v=2","dev","--listen=localhost:50001","--config_dir=/home/carlos/Projects/skilled/dataconnect","--enable_output_schema_extensions=true","--enable_output_generated_sdk=true"],"optionalArgs":["listen","config_dir","enable_output_schema_extensions","enable_output_generated_sdk"],"joinArgs":true,"shell":false,"port":9399} {"metadata":{"emulator":{"name":"dataconnect"},"message":"Starting SQL Connect Emulator with command {\"binary\":\"/home/carlos/.cache/firebase/emulators/dataconnect-emulator-3.4.5\",\"args\":[\"--logtostderr\",\"-v=2\",\"dev\",\"--listen=localhost:50001\",\"--config_dir=/home/carlos/Projects/skilled/dataconnect\",\"--enable_output_schema_extensions=true\",\"--enable_output_generated_sdk=true\"],\"optionalArgs\":[\"listen\",\"config_dir\",\"enable_output_schema_extensions\",\"enable_output_generated_sdk\"],\"joinArgs\":true,\"shell\":false,\"port\":9399}"}}
[info] i  dataconnect: SQL Connect Emulator logging to dataconnect-debug.log {"metadata":{"emulator":{"name":"dataconnect"},"message":"SQL Connect Emulator logging to dataconnect-debug.log"}}
[debug] [2026-04-20T01:00:03.772Z] I0419 20:00:01.502167  241510 load.go:31] Reloading schema and connectors...
I0419 20:00:01.509782  241510 control.go:100] [projects/emulator/locations/emulator/services/skilled-7ef67-service 2ab4] UpdateResources(): done
Main schema: sources: schema/schema.gql [483B] 
Connector "example": sources: 
E0419 20:00:01.515198  241510 load.go:95] Errors generating SDK: [connector "example"]: invalid Data Connect Connector no query found in connector
I0419 20:00:01.515670  241510 collector.go:107] schema extensions wrote into "/home/carlos/Projects/skilled/dataconnect/.dataconnect/schema"
Generated sources: main/query.gql [2404B] main/mutation.gql [6444B] prelude.gql [82799B] main/implicit.gql [266B] main/input.gql [16026B] main/relation.gql [6578B] 
I0419 20:00:01.515689  241510 load.go:109] Finished reloading
I0419 20:00:01.515991  241510 dev.go:104] Listening on address (HTTP + gRPC): 127.0.0.1:50001
 {"metadata":{"emulator":{"name":"dataconnect"},"message":"I0419 20:00:01.502167  241510 load.go:31] Reloading schema and connectors...\nI0419 20:00:01.509782  241510 control.go:100] [projects/emulator/locations/emulator/services/skilled-7ef67-service 2ab4] UpdateResources(): done\nMain schema: sources: schema/schema.gql [483B] \nConnector \"example\": sources: \nE0419 20:00:01.515198  241510 load.go:95] Errors generating SDK: [connector \"example\"]: invalid Data Connect Connector no query found in connector\nI0419 20:00:01.515670  241510 collector.go:107] schema extensions wrote into \"/home/carlos/Projects/skilled/dataconnect/.dataconnect/schema\"\nGenerated sources: main/query.gql [2404B] main/mutation.gql [6444B] prelude.gql [82799B] main/implicit.gql [266B] main/input.gql [16026B] main/relation.gql [6578B] \nI0419 20:00:01.515689  241510 load.go:109] Finished reloading\nI0419 20:00:01.515991  241510 dev.go:104] Listening on address (HTTP + gRPC): 127.0.0.1:50001\n"}}
[debug] [2026-04-20T01:00:12.853Z] I0419 20:00:11.642303  241510 engine.go:209] [projects/emulator/locations/emulator/services/skilled-7ef67-service 2ab4] ExecuteGraphqlRead query IntrospectionQuery: succeeded. 
 {"metadata":{"emulator":{"name":"dataconnect"},"message":"I0419 20:00:11.642303  241510 engine.go:209] [projects/emulator/locations/emulator/services/skilled-7ef67-service 2ab4] ExecuteGraphqlRead query IntrospectionQuery: succeeded. \n"}}
[debug] [2026-04-20T01:00:14.632Z] <<< [apiv2][status] GET https://firebase.googleapis.com/v1beta1/projects 200
[debug] [2026-04-20T01:00:14.632Z] <<< [apiv2][body] GET https://firebase.googleapis.com/v1beta1/projects [omitted]
[error] [Firebase Plugin] Failed to find GQL files: Error: ENOENT: no such file or directory, scandir ''
[info] [Firebase Plugin] ExecuteGraphQL (https://firebasedataconnect.googleapis.com) request: {
    "variables": {},
    "query": "# This is a file for you to write an un-named mutation.\n# Only one un-named mutation is allowed per file.\nmutation {\n  skill_insert(\n    data: {\n      id: \"11111111222233334444555555555558\"\n      authorClerkId: \"user_3CayUXOlCLmHPnVbukw6ct6qQQ1\"\n      createdAt: \"2026-04-20T00:44:52.632Z\"\n      description: \"Identify render bottlenecks and optimize expensive client-side work.\"\n      installCommand: \"npx skild add performance-tuner\"\n      promptConfig: \"You are a professional performance optimization engineer.\"\n      tags: [\"ai-agent\", \"engineering\"]\n      title: \"Performance Tuner\"\n      usageExample: \"Review the code and optimize it.\"\n    }\n  )\n}\n",
    "extensions": {}
}
[debug] [2026-04-20T01:02:14.841Z] Checked if tokens are valid: true, expires at: 1776648347538
[debug] [2026-04-20T01:02:14.842Z] >>> [apiv2][query] POST https://firebasedataconnect.googleapis.com/v1/projects/skilled-7ef67/locations/us-east4/services/skilled-7ef67-service:executeGraphql [none]
[debug] [2026-04-20T01:02:14.842Z] >>> [apiv2][body] POST https://firebasedataconnect.googleapis.com/v1/projects/skilled-7ef67/locations/us-east4/services/skilled-7ef67-service:executeGraphql {"variables":{},"query":"# This is a file for you to write an un-named mutation.\n# Only one un-named mutation is allowed per file.\nmutation {\n  skill_insert(\n    data: {\n      id: \"11111111222233334444555555555558\"\n      authorClerkId: \"user_3CayUXOlCLmHPnVbukw6ct6qQQ1\"\n      createdAt: \"2026-04-20T00:44:52.632Z\"\n      description: \"Identify render bottlenecks and optimize expensive client-side work.\"\n      installCommand: \"npx skild add performance-tuner\"\n      promptConfig: \"You are a professional performance optimization engineer.\"\n      tags: [\"ai-agent\", \"engineering\"]\n      title: \"Performance Tuner\"\n      usageExample: \"Review the code and optimize it.\"\n    }\n  )\n}\n","extensions":{}}
[debug] [2026-04-20T01:02:15.824Z] <<< [apiv2][status] POST https://firebasedataconnect.googleapis.com/v1/projects/skilled-7ef67/locations/us-east4/services/skilled-7ef67-service:executeGraphql 200
[debug] [2026-04-20T01:02:15.824Z] <<< [apiv2][body] POST https://firebasedataconnect.googleapis.com/v1/projects/skilled-7ef67/locations/us-east4/services/skilled-7ef67-service:executeGraphql {"data":{"skill_insert":{"id":"11111111222233334444555555555558"}}}
[error] [Firebase Plugin] Failed to find GQL files: Error: ENOENT: no such file or directory, scandir ''
[info] [Firebase Plugin] ExecuteGraphQL (https://firebasedataconnect.googleapis.com) request: {
    "variables": {},
    "query": "\n# This is a file for you to write an un-named query.\n# Only one un-named query is allowed per file.\nquery {\n  users{\n    clerkId\n    email\n    username\n    imageUrl\n  }\n}",
    "extensions": {}
}
[debug] [2026-04-20T01:03:48.447Z] Checked if tokens are valid: true, expires at: 1776648347538
[debug] [2026-04-20T01:03:48.448Z] >>> [apiv2][query] POST https://firebasedataconnect.googleapis.com/v1/projects/skilled-7ef67/locations/us-east4/services/skilled-7ef67-service:executeGraphql [none]
[debug] [2026-04-20T01:03:48.448Z] >>> [apiv2][body] POST https://firebasedataconnect.googleapis.com/v1/projects/skilled-7ef67/locations/us-east4/services/skilled-7ef67-service:executeGraphql {"variables":{},"query":"\n# This is a file for you to write an un-named query.\n# Only one un-named query is allowed per file.\nquery {\n  users{\n    clerkId\n    email\n    username\n    imageUrl\n  }\n}","extensions":{}}
[debug] [2026-04-20T01:03:49.306Z] <<< [apiv2][status] POST https://firebasedataconnect.googleapis.com/v1/projects/skilled-7ef67/locations/us-east4/services/skilled-7ef67-service:executeGraphql 200
[debug] [2026-04-20T01:03:49.306Z] <<< [apiv2][body] POST https://firebasedataconnect.googleapis.com/v1/projects/skilled-7ef67/locations/us-east4/services/skilled-7ef67-service:executeGraphql {"data":{"users":[{"imageUrl":"https://img.clerk.com/eyJ0eXBlIjoicHJveHkiLCJzcmMiOiJodHRwczovL2xoMy5nb29nbGV1c2VyY29udGVudC5jb20vYS9BQ2c4b2NJbFc5UU9jQ0dxN0kxdXJHZEx4LWNJYnBiMU1ocU8tdF9ldFljb2phN3NaUlZrUW1GLVpnPXMxMDAwLWMiLCJzIjoiU1pmMnJQL0NFTVNHL0JWbjZkQnBNSXRyRFFReWJtSXNKZ3pBWEx4QXJEWSJ9","clerkId":"user_3CayUXOlCLmHPnVbukw6ct6qQQ1","email":"carlosaac232001@gmail.com","username":"carlosaac23"}]}}
[error] [Firebase Plugin] Failed to find GQL files: Error: ENOENT: no such file or directory, scandir ''
[info] [Firebase Plugin] ExecuteGraphQL (https://firebasedataconnect.googleapis.com) request: {
    "variables": {},
    "query": "\n# This is a file for you to write an un-named query.\n# Only one un-named query is allowed per file.\nquery {\n  skills{\n    author {\n      clerkId\n      email\n      username\n      imageUrl\n    }\n    title\n    description\n    tags\n    installCommand\n    promptConfig\n    usageExample\n    createdAt\n  }\n}",
    "extensions": {}
}
[debug] [2026-04-20T01:04:01.891Z] Checked if tokens are valid: true, expires at: 1776648347538
[debug] [2026-04-20T01:04:01.892Z] >>> [apiv2][query] POST https://firebasedataconnect.googleapis.com/v1/projects/skilled-7ef67/locations/us-east4/services/skilled-7ef67-service:executeGraphql [none]
[debug] [2026-04-20T01:04:01.892Z] >>> [apiv2][body] POST https://firebasedataconnect.googleapis.com/v1/projects/skilled-7ef67/locations/us-east4/services/skilled-7ef67-service:executeGraphql {"variables":{},"query":"\n# This is a file for you to write an un-named query.\n# Only one un-named query is allowed per file.\nquery {\n  skills{\n    author {\n      clerkId\n      email\n      username\n      imageUrl\n    }\n    title\n    description\n    tags\n    installCommand\n    promptConfig\n    usageExample\n    createdAt\n  }\n}","extensions":{}}
[debug] [2026-04-20T01:04:03.004Z] <<< [apiv2][status] POST https://firebasedataconnect.googleapis.com/v1/projects/skilled-7ef67/locations/us-east4/services/skilled-7ef67-service:executeGraphql 200
[debug] [2026-04-20T01:04:03.004Z] <<< [apiv2][body] POST https://firebasedataconnect.googleapis.com/v1/projects/skilled-7ef67/locations/us-east4/services/skilled-7ef67-service:executeGraphql {"data":{"skills":[{"description":"Identify render bottlenecks and optimize expensive client-side work.","tags":["ai-agent","engineering"],"installCommand":"npx skild add performance-tuner","promptConfig":"You are a professional performance optimization engineer.","usageExample":"Review the code and optimize it.","createdAt":"2026-04-20T00:44:52.632000Z","author":{"email":"carlosaac232001@gmail.com","username":"carlosaac23","imageUrl":"https://img.clerk.com/eyJ0eXBlIjoicHJveHkiLCJzcmMiOiJodHRwczovL2xoMy5nb29nbGV1c2VyY29udGVudC5jb20vYS9BQ2c4b2NJbFc5UU9jQ0dxN0kxdXJHZEx4LWNJYnBiMU1ocU8tdF9ldFljb2phN3NaUlZrUW1GLVpnPXMxMDAwLWMiLCJzIjoiU1pmMnJQL0NFTVNHL0JWbjZkQnBNSXRyRFFReWJtSXNKZ3pBWEx4QXJEWSJ9","clerkId":"user_3CayUXOlCLmHPnVbukw6ct6qQQ1"},"title":"Performance Tuner"}]}}
[info] [Firebase Plugin] Stopping SQL Connect toolkit
[warn] ⚠  SQL Connect Emulator has exited upon receiving signal: SIGINT 
[debug] [2026-04-20T14:32:12.466Z] [Firebase Plugin] Activating Firebase extension.
[info] [Firebase Plugin] Checked firebase-tools, is up to date!
[debug] [2026-04-20T14:33:34.823Z] [Firebase Plugin] requireAuthWrapper
[debug] [2026-04-20T14:33:34.833Z] > command requires scopes: ["email","openid","https://www.googleapis.com/auth/cloudplatformprojects.readonly","https://www.googleapis.com/auth/firebase","https://www.googleapis.com/auth/cloud-platform"]
[debug] [2026-04-20T14:33:34.840Z] > authorizing via signed-in user (carlosaac232001@gmail.com)
[debug] [2026-04-20T14:33:34.894Z] Checked if tokens are valid: false, expires at: 1776648347538
[debug] [2026-04-20T14:33:34.894Z] Checked if tokens are valid: false, expires at: 1776648347538
[debug] [2026-04-20T14:33:34.895Z] > refreshing access token with scopes: []
[debug] [2026-04-20T14:33:34.904Z] >>> [apiv2][query] POST https://www.googleapis.com/oauth2/v3/token [none]
[debug] [2026-04-20T14:33:34.905Z] >>> [apiv2][body] POST https://www.googleapis.com/oauth2/v3/token [omitted]
[debug] [2026-04-20T14:33:34.949Z] [Firebase Plugin] VSCode notification server listening on port 40001
[info] [Firebase Plugin] Starting SQL Connect toolkit (version 3.4.5) on port 50001
[debug] [2026-04-20T14:33:39.341Z] I0420 09:33:39.310732    6591 control.go:100] [projects/emulator/locations/emulator/services/skilled-7ef67-service 308b] UpdateResources(): done
Main schema: sources: schema/schema.gql [483B] 
Connector "example": sources: example/queries.gql [0B] 
 {"metadata":{"emulator":{"name":"dataconnect"},"message":"I0420 09:33:39.310732    6591 control.go:100] [projects/emulator/locations/emulator/services/skilled-7ef67-service 308b] UpdateResources(): done\nMain schema: sources: schema/schema.gql [483B] \nConnector \"example\": sources: example/queries.gql [0B] \n"}}
[debug] [2026-04-20T14:33:39.342Z] Ignoring unsupported arg: auto_download {"metadata":{"emulator":{"name":"dataconnect"},"message":"Ignoring unsupported arg: auto_download"}}
[debug] [2026-04-20T14:33:39.342Z] Ignoring unsupported arg: port {"metadata":{"emulator":{"name":"dataconnect"},"message":"Ignoring unsupported arg: port"}}
[debug] [2026-04-20T14:33:39.342Z] Starting SQL Connect Emulator with command {"binary":"/home/carlos/.cache/firebase/emulators/dataconnect-emulator-3.4.5","args":["--logtostderr","-v=2","dev","--listen=localhost:50001","--config_dir=/home/carlos/Projects/skilled/dataconnect","--enable_output_schema_extensions=true","--enable_output_generated_sdk=true"],"optionalArgs":["listen","config_dir","enable_output_schema_extensions","enable_output_generated_sdk"],"joinArgs":true,"shell":false,"port":9399} {"metadata":{"emulator":{"name":"dataconnect"},"message":"Starting SQL Connect Emulator with command {\"binary\":\"/home/carlos/.cache/firebase/emulators/dataconnect-emulator-3.4.5\",\"args\":[\"--logtostderr\",\"-v=2\",\"dev\",\"--listen=localhost:50001\",\"--config_dir=/home/carlos/Projects/skilled/dataconnect\",\"--enable_output_schema_extensions=true\",\"--enable_output_generated_sdk=true\"],\"optionalArgs\":[\"listen\",\"config_dir\",\"enable_output_schema_extensions\",\"enable_output_generated_sdk\"],\"joinArgs\":true,\"shell\":false,\"port\":9399}"}}
[info] i  dataconnect: SQL Connect Emulator logging to dataconnect-debug.log {"metadata":{"emulator":{"name":"dataconnect"},"message":"SQL Connect Emulator logging to dataconnect-debug.log"}}
[debug] [2026-04-20T14:33:39.546Z] I0420 09:33:39.469591    6600 load.go:31] Reloading schema and connectors...
I0420 09:33:39.478653    6600 control.go:100] [projects/emulator/locations/emulator/services/skilled-7ef67-service f549] UpdateResources(): done
Main schema: sources: schema/schema.gql [483B] 
Connector "example": sources: example/queries.gql [0B] 
I0420 09:33:39.485112    6600 codegen.go:101] [connector "example" javascriptSdk] Generating sources into "/home/carlos/Projects/skilled/src/dataconnect-generated"
 {"metadata":{"emulator":{"name":"dataconnect"},"message":"I0420 09:33:39.469591    6600 load.go:31] Reloading schema and connectors...\nI0420 09:33:39.478653    6600 control.go:100] [projects/emulator/locations/emulator/services/skilled-7ef67-service f549] UpdateResources(): done\nMain schema: sources: schema/schema.gql [483B] \nConnector \"example\": sources: example/queries.gql [0B] \nI0420 09:33:39.485112    6600 codegen.go:101] [connector \"example\" javascriptSdk] Generating sources into \"/home/carlos/Projects/skilled/src/dataconnect-generated\"\n"}}
[debug] [2026-04-20T14:33:39.560Z] I0420 09:33:39.560772    6600 collector.go:107] schema extensions wrote into "/home/carlos/Projects/skilled/dataconnect/.dataconnect/schema"
Generated sources: prelude.gql [82799B] main/implicit.gql [266B] main/input.gql [16026B] main/relation.gql [6578B] main/query.gql [2404B] main/mutation.gql [6444B] 
 {"metadata":{"emulator":{"name":"dataconnect"},"message":"I0420 09:33:39.560772    6600 collector.go:107] schema extensions wrote into \"/home/carlos/Projects/skilled/dataconnect/.dataconnect/schema\"\nGenerated sources: prelude.gql [82799B] main/implicit.gql [266B] main/input.gql [16026B] main/relation.gql [6578B] main/query.gql [2404B] main/mutation.gql [6444B] \n"}}
[debug] [2026-04-20T14:33:39.630Z] I0420 09:33:39.625624    6600 collector.go:107] connector "example" javascriptSdk wrote into "/home/carlos/Projects/skilled/src/dataconnect-generated"
Generated sources: .guides/setup.md [1682B] index.d.ts [479B] esm/index.esm.js [293B] index.cjs.js [378B] README.md [2876B] react/esm/index.esm.js [0B] .guides/config.json [236B] package.json [853B] react/index.cjs.js [0B] .guides/usage.md [1318B] react/index.d.ts [228B] react/package.json [460B] esm/package.json [17B] react/esm/package.json [17B] react/README.md [5454B] 
 {"metadata":{"emulator":{"name":"dataconnect"},"message":"I0420 09:33:39.625624    6600 collector.go:107] connector \"example\" javascriptSdk wrote into \"/home/carlos/Projects/skilled/src/dataconnect-generated\"\nGenerated sources: .guides/setup.md [1682B] index.d.ts [479B] esm/index.esm.js [293B] index.cjs.js [378B] README.md [2876B] react/esm/index.esm.js [0B] .guides/config.json [236B] package.json [853B] react/index.cjs.js [0B] .guides/usage.md [1318B] react/index.d.ts [228B] react/package.json [460B] esm/package.json [17B] react/esm/package.json [17B] react/README.md [5454B] \n"}}
[debug] [2026-04-20T14:33:40.224Z] I0420 09:33:39.794724    6600 installsdk.go:86] Running command: /run/user/1000/fnm_multishells/4120_1776694754131/bin/pnpm link ./src/dataconnect-generated
 {"metadata":{"emulator":{"name":"dataconnect"},"message":"I0420 09:33:39.794724    6600 installsdk.go:86] Running command: /run/user/1000/fnm_multishells/4120_1776694754131/bin/pnpm link ./src/dataconnect-generated\n"}}
[debug] [2026-04-20T14:33:40.418Z] <<< [apiv2][status] POST https://www.googleapis.com/oauth2/v3/token 200
[debug] [2026-04-20T14:33:40.419Z] <<< [apiv2][body] POST https://www.googleapis.com/oauth2/v3/token [omitted]
[debug] [2026-04-20T14:33:40.633Z] [Firebase Plugin] User found:  carlosaac232001@gmail.com
[info] [Firebase Plugin] (Core:Project) New user detected, fetching projects
[debug] [2026-04-20T14:33:40.634Z] Checked if tokens are valid: true, expires at: 1776699219419
[debug] [2026-04-20T14:33:40.648Z] >>> [apiv2][query] GET https://firebase.googleapis.com/v1beta1/projects pageSize=1000
[debug] [2026-04-20T14:33:42.502Z] <<< [apiv2][status] GET https://firebase.googleapis.com/v1beta1/projects 200
[debug] [2026-04-20T14:33:42.502Z] <<< [apiv2][body] GET https://firebase.googleapis.com/v1beta1/projects [omitted]
[debug] [2026-04-20T14:34:34.902Z] I0420 09:34:34.902145    6600 load.go:109] Finished reloading
 {"metadata":{"emulator":{"name":"dataconnect"},"message":"I0420 09:34:34.902145    6600 load.go:109] Finished reloading\n"}}
[debug] [2026-04-20T14:34:34.902Z] I0420 09:34:34.902509    6600 dev.go:104] Listening on address (HTTP + gRPC): 127.0.0.1:50001
 {"metadata":{"emulator":{"name":"dataconnect"},"message":"I0420 09:34:34.902509    6600 dev.go:104] Listening on address (HTTP + gRPC): 127.0.0.1:50001\n"}}
[debug] [2026-04-20T14:37:54.907Z] I0420 09:37:54.907260    6600 load.go:31] Reloading schema and connectors...
 {"metadata":{"emulator":{"name":"dataconnect"},"message":"I0420 09:37:54.907260    6600 load.go:31] Reloading schema and connectors...\n"}}
[debug] [2026-04-20T14:37:54.926Z] I0420 09:37:54.926072    6600 control.go:100] [projects/emulator/locations/emulator/services/skilled-7ef67-service 0e06] UpdateResources(): done
Main schema: sources: schema/schema.gql [483B] 
Connector "example": sources: example/queries.gql [402B] 
 {"metadata":{"emulator":{"name":"dataconnect"},"message":"I0420 09:37:54.926072    6600 control.go:100] [projects/emulator/locations/emulator/services/skilled-7ef67-service 0e06] UpdateResources(): done\nMain schema: sources: schema/schema.gql [483B] \nConnector \"example\": sources: example/queries.gql [402B] \n"}}
[debug] [2026-04-20T14:37:54.942Z] I0420 09:37:54.942216    6600 codegen.go:101] [connector "example" javascriptSdk] Generating sources into "/home/carlos/Projects/skilled/src/dataconnect-generated"
 {"metadata":{"emulator":{"name":"dataconnect"},"message":"I0420 09:37:54.942216    6600 codegen.go:101] [connector \"example\" javascriptSdk] Generating sources into \"/home/carlos/Projects/skilled/src/dataconnect-generated\"\n"}}
[debug] [2026-04-20T14:37:54.963Z] I0420 09:37:54.962041    6600 collector.go:107] schema extensions wrote into "/home/carlos/Projects/skilled/dataconnect/.dataconnect/schema"
Generated sources: prelude.gql [82799B] main/mutation.gql [6444B] main/implicit.gql [266B] main/input.gql [16026B] main/relation.gql [6578B] main/query.gql [2404B] 
 {"metadata":{"emulator":{"name":"dataconnect"},"message":"I0420 09:37:54.962041    6600 collector.go:107] schema extensions wrote into \"/home/carlos/Projects/skilled/dataconnect/.dataconnect/schema\"\nGenerated sources: prelude.gql [82799B] main/mutation.gql [6444B] main/implicit.gql [266B] main/input.gql [16026B] main/relation.gql [6578B] main/query.gql [2404B] \n"}}
[debug] [2026-04-20T14:37:54.967Z] I0420 09:37:54.965754    6600 collector.go:107] connector "example" javascriptSdk wrote into "/home/carlos/Projects/skilled/src/dataconnect-generated"
Generated sources: package.json [853B] react/index.d.ts [690B] react/index.cjs.js [605B] react/README.md [12778B] .guides/setup.md [1682B] index.cjs.js [1080B] README.md [8542B] react/package.json [460B] react/esm/index.esm.js [581B] .guides/usage.md [1571B] esm/package.json [17B] react/esm/package.json [17B] .guides/config.json [236B] index.d.ts [1521B] esm/index.esm.js [950B] 
 {"metadata":{"emulator":{"name":"dataconnect"},"message":"I0420 09:37:54.965754    6600 collector.go:107] connector \"example\" javascriptSdk wrote into \"/home/carlos/Projects/skilled/src/dataconnect-generated\"\nGenerated sources: package.json [853B] react/index.d.ts [690B] react/index.cjs.js [605B] react/README.md [12778B] .guides/setup.md [1682B] index.cjs.js [1080B] README.md [8542B] react/package.json [460B] react/esm/index.esm.js [581B] .guides/usage.md [1571B] esm/package.json [17B] react/esm/package.json [17B] .guides/config.json [236B] index.d.ts [1521B] esm/index.esm.js [950B] \n"}}
[debug] [2026-04-20T14:37:54.969Z] I0420 09:37:54.968754    6600 installsdk.go:55] Package @dataconnect/generated is already installed. Skipping installation
I0420 09:37:54.968779    6600 load.go:109] Finished reloading
 {"metadata":{"emulator":{"name":"dataconnect"},"message":"I0420 09:37:54.968754    6600 installsdk.go:55] Package @dataconnect/generated is already installed. Skipping installation\nI0420 09:37:54.968779    6600 load.go:109] Finished reloading\n"}}
[debug] [2026-04-20T14:38:34.966Z] I0420 09:38:34.911536    6600 load.go:31] Reloading schema and connectors...
I0420 09:38:34.918483    6600 control.go:100] [projects/emulator/locations/emulator/services/skilled-7ef67-service 5c18] UpdateResources(): done
Main schema: sources: schema/schema.gql [483B] 
Connector "example": sources: example/queries.gql [477B] 
I0420 09:38:34.924186    6600 codegen.go:101] [connector "example" javascriptSdk] Generating sources into "/home/carlos/Projects/skilled/src/dataconnect-generated"
I0420 09:38:34.930261    6600 collector.go:107] schema extensions wrote into "/home/carlos/Projects/skilled/dataconnect/.dataconnect/schema"
Generated sources: main/query.gql [2404B] main/mutation.gql [6444B] prelude.gql [82799B] main/implicit.gql [266B] main/input.gql [16026B] main/relation.gql [6578B] 
I0420 09:38:34.935218    6600 collector.go:107] connector "example" javascriptSdk wrote into "/home/carlos/Projects/skilled/src/dataconnect-generated"
Generated sources: package.json [853B] react/package.json [460B] react/esm/index.esm.js [581B] .guides/setup.md [1682B] esm/package.json [17B] react/esm/package.json [17B] react/README.md [12918B] .guides/usage.md [1571B] .guides/config.json [236B] esm/index.esm.js [950B] README.md [8682B] react/index.d.ts [690B] react/index.cjs.js [605B] index.d.ts [1661B] index.cjs.js [1080B] 
I0420 09:38:34.937150    6600 installsdk.go:55] Package @dataconnect/generated is already installed. Skipping installation
I0420 09:38:34.937168    6600 load.go:109] Finished reloading
 {"metadata":{"emulator":{"name":"dataconnect"},"message":"I0420 09:38:34.911536    6600 load.go:31] Reloading schema and connectors...\nI0420 09:38:34.918483    6600 control.go:100] [projects/emulator/locations/emulator/services/skilled-7ef67-service 5c18] UpdateResources(): done\nMain schema: sources: schema/schema.gql [483B] \nConnector \"example\": sources: example/queries.gql [477B] \nI0420 09:38:34.924186    6600 codegen.go:101] [connector \"example\" javascriptSdk] Generating sources into \"/home/carlos/Projects/skilled/src/dataconnect-generated\"\nI0420 09:38:34.930261    6600 collector.go:107] schema extensions wrote into \"/home/carlos/Projects/skilled/dataconnect/.dataconnect/schema\"\nGenerated sources: main/query.gql [2404B] main/mutation.gql [6444B] prelude.gql [82799B] main/implicit.gql [266B] main/input.gql [16026B] main/relation.gql [6578B] \nI0420 09:38:34.935218    6600 collector.go:107] connector \"example\" javascriptSdk wrote into \"/home/carlos/Projects/skilled/src/dataconnect-generated\"\nGenerated sources: package.json [853B] react/package.json [460B] react/esm/index.esm.js [581B] .guides/setup.md [1682B] esm/package.json [17B] react/esm/package.json [17B] react/README.md [12918B] .guides/usage.md [1571B] .guides/config.json [236B] esm/index.esm.js [950B] README.md [8682B] react/index.d.ts [690B] react/index.cjs.js [605B] index.d.ts [1661B] index.cjs.js [1080B] \nI0420 09:38:34.937150    6600 installsdk.go:55] Package @dataconnect/generated is already installed. Skipping installation\nI0420 09:38:34.937168    6600 load.go:109] Finished reloading\n"}}
[debug] [2026-04-20T15:37:05.291Z] E0420 10:37:05.167030    6600 watch.go:40] Failed to load config from "/home/carlos/Projects/skilled/dataconnect": could not read connector.yaml at `/home/carlos/Projects/skilled/dataconnect/example/connector.yaml`: open /home/carlos/Projects/skilled/dataconnect/example/connector.yaml: no such file or directory
 {"metadata":{"emulator":{"name":"dataconnect"},"message":"E0420 10:37:05.167030    6600 watch.go:40] Failed to load config from \"/home/carlos/Projects/skilled/dataconnect\": could not read connector.yaml at `/home/carlos/Projects/skilled/dataconnect/example/connector.yaml`: open /home/carlos/Projects/skilled/dataconnect/example/connector.yaml: no such file or directory\n"}}
[debug] [2026-04-20T15:37:14.908Z] E0420 10:37:14.908268    6600 watch.go:40] Failed to load config from "/home/carlos/Projects/skilled/dataconnect": could not read connector.yaml at `/home/carlos/Projects/skilled/dataconnect/example/connector.yaml`: open /home/carlos/Projects/skilled/dataconnect/example/connector.yaml: no such file or directory
 {"metadata":{"emulator":{"name":"dataconnect"},"message":"E0420 10:37:14.908268    6600 watch.go:40] Failed to load config from \"/home/carlos/Projects/skilled/dataconnect\": could not read connector.yaml at `/home/carlos/Projects/skilled/dataconnect/example/connector.yaml`: open /home/carlos/Projects/skilled/dataconnect/example/connector.yaml: no such file or directory\n"}}
[debug] [2026-04-20T15:37:24.912Z] E0420 10:37:24.911643    6600 watch.go:40] Failed to load config from "/home/carlos/Projects/skilled/dataconnect": could not read connector.yaml at `/home/carlos/Projects/skilled/dataconnect/example/connector.yaml`: open /home/carlos/Projects/skilled/dataconnect/example/connector.yaml: no such file or directory
 {"metadata":{"emulator":{"name":"dataconnect"},"message":"E0420 10:37:24.911643    6600 watch.go:40] Failed to load config from \"/home/carlos/Projects/skilled/dataconnect\": could not read connector.yaml at `/home/carlos/Projects/skilled/dataconnect/example/connector.yaml`: open /home/carlos/Projects/skilled/dataconnect/example/connector.yaml: no such file or directory\n"}}
[debug] [2026-04-20T15:37:34.910Z] E0420 10:37:34.909720    6600 watch.go:40] Failed to load config from "/home/carlos/Projects/skilled/dataconnect": could not read connector.yaml at `/home/carlos/Projects/skilled/dataconnect/example/connector.yaml`: open /home/carlos/Projects/skilled/dataconnect/example/connector.yaml: no such file or directory
 {"metadata":{"emulator":{"name":"dataconnect"},"message":"E0420 10:37:34.909720    6600 watch.go:40] Failed to load config from \"/home/carlos/Projects/skilled/dataconnect\": could not read connector.yaml at `/home/carlos/Projects/skilled/dataconnect/example/connector.yaml`: open /home/carlos/Projects/skilled/dataconnect/example/connector.yaml: no such file or directory\n"}}
[debug] [2026-04-20T15:37:44.929Z] E0420 10:37:44.921709    6600 watch.go:40] Failed to load config from "/home/carlos/Projects/skilled/dataconnect": could not read connector.yaml at `/home/carlos/Projects/skilled/dataconnect/example/connector.yaml`: open /home/carlos/Projects/skilled/dataconnect/example/connector.yaml: no such file or directory
 {"metadata":{"emulator":{"name":"dataconnect"},"message":"E0420 10:37:44.921709    6600 watch.go:40] Failed to load config from \"/home/carlos/Projects/skilled/dataconnect\": could not read connector.yaml at `/home/carlos/Projects/skilled/dataconnect/example/connector.yaml`: open /home/carlos/Projects/skilled/dataconnect/example/connector.yaml: no such file or directory\n"}}
[debug] [2026-04-20T15:37:54.903Z] E0420 10:37:54.903170    6600 watch.go:40] Failed to load config from "/home/carlos/Projects/skilled/dataconnect": could not read connector.yaml at `/home/carlos/Projects/skilled/dataconnect/example/connector.yaml`: open /home/carlos/Projects/skilled/dataconnect/example/connector.yaml: no such file or directory
 {"metadata":{"emulator":{"name":"dataconnect"},"message":"E0420 10:37:54.903170    6600 watch.go:40] Failed to load config from \"/home/carlos/Projects/skilled/dataconnect\": could not read connector.yaml at `/home/carlos/Projects/skilled/dataconnect/example/connector.yaml`: open /home/carlos/Projects/skilled/dataconnect/example/connector.yaml: no such file or directory\n"}}
[debug] [2026-04-20T15:38:04.912Z] E0420 10:38:04.911645    6600 watch.go:40] Failed to load config from "/home/carlos/Projects/skilled/dataconnect": could not read connector.yaml at `/home/carlos/Projects/skilled/dataconnect/example/connector.yaml`: open /home/carlos/Projects/skilled/dataconnect/example/connector.yaml: no such file or directory
 {"metadata":{"emulator":{"name":"dataconnect"},"message":"E0420 10:38:04.911645    6600 watch.go:40] Failed to load config from \"/home/carlos/Projects/skilled/dataconnect\": could not read connector.yaml at `/home/carlos/Projects/skilled/dataconnect/example/connector.yaml`: open /home/carlos/Projects/skilled/dataconnect/example/connector.yaml: no such file or directory\n"}}
[debug] [2026-04-20T15:38:14.907Z] E0420 10:38:14.906708    6600 watch.go:40] Failed to load config from "/home/carlos/Projects/skilled/dataconnect": could not read connector.yaml at `/home/carlos/Projects/skilled/dataconnect/example/connector.yaml`: open /home/carlos/Projects/skilled/dataconnect/example/connector.yaml: no such file or directory
 {"metadata":{"emulator":{"name":"dataconnect"},"message":"E0420 10:38:14.906708    6600 watch.go:40] Failed to load config from \"/home/carlos/Projects/skilled/dataconnect\": could not read connector.yaml at `/home/carlos/Projects/skilled/dataconnect/example/connector.yaml`: open /home/carlos/Projects/skilled/dataconnect/example/connector.yaml: no such file or directory\n"}}
[debug] [2026-04-20T15:38:24.911Z] E0420 10:38:24.911328    6600 watch.go:40] Failed to load config from "/home/carlos/Projects/skilled/dataconnect": could not read connector.yaml at `/home/carlos/Projects/skilled/dataconnect/example/connector.yaml`: open /home/carlos/Projects/skilled/dataconnect/example/connector.yaml: no such file or directory
 {"metadata":{"emulator":{"name":"dataconnect"},"message":"E0420 10:38:24.911328    6600 watch.go:40] Failed to load config from \"/home/carlos/Projects/skilled/dataconnect\": could not read connector.yaml at `/home/carlos/Projects/skilled/dataconnect/example/connector.yaml`: open /home/carlos/Projects/skilled/dataconnect/example/connector.yaml: no such file or directory\n"}}
[debug] [2026-04-20T15:38:34.913Z] E0420 10:38:34.912736    6600 watch.go:40] Failed to load config from "/home/carlos/Projects/skilled/dataconnect": could not read connector.yaml at `/home/carlos/Projects/skilled/dataconnect/example/connector.yaml`: open /home/carlos/Projects/skilled/dataconnect/example/connector.yaml: no such file or directory
 {"metadata":{"emulator":{"name":"dataconnect"},"message":"E0420 10:38:34.912736    6600 watch.go:40] Failed to load config from \"/home/carlos/Projects/skilled/dataconnect\": could not read connector.yaml at `/home/carlos/Projects/skilled/dataconnect/example/connector.yaml`: open /home/carlos/Projects/skilled/dataconnect/example/connector.yaml: no such file or directory\n"}}
[debug] [2026-04-20T15:38:44.908Z] E0420 10:38:44.908105    6600 watch.go:40] Failed to load config from "/home/carlos/Projects/skilled/dataconnect": could not read connector.yaml at `/home/carlos/Projects/skilled/dataconnect/example/connector.yaml`: open /home/carlos/Projects/skilled/dataconnect/example/connector.yaml: no such file or directory
 {"metadata":{"emulator":{"name":"dataconnect"},"message":"E0420 10:38:44.908105    6600 watch.go:40] Failed to load config from \"/home/carlos/Projects/skilled/dataconnect\": could not read connector.yaml at `/home/carlos/Projects/skilled/dataconnect/example/connector.yaml`: open /home/carlos/Projects/skilled/dataconnect/example/connector.yaml: no such file or directory\n"}}
[debug] [2026-04-20T15:38:54.912Z] E0420 10:38:54.911638    6600 watch.go:40] Failed to load config from "/home/carlos/Projects/skilled/dataconnect": could not read connector.yaml at `/home/carlos/Projects/skilled/dataconnect/example/connector.yaml`: open /home/carlos/Projects/skilled/dataconnect/example/connector.yaml: no such file or directory
 {"metadata":{"emulator":{"name":"dataconnect"},"message":"E0420 10:38:54.911638    6600 watch.go:40] Failed to load config from \"/home/carlos/Projects/skilled/dataconnect\": could not read connector.yaml at `/home/carlos/Projects/skilled/dataconnect/example/connector.yaml`: open /home/carlos/Projects/skilled/dataconnect/example/connector.yaml: no such file or directory\n"}}
[debug] [2026-04-20T15:39:04.912Z] E0420 10:39:04.911828    6600 watch.go:40] Failed to load config from "/home/carlos/Projects/skilled/dataconnect": could not read connector.yaml at `/home/carlos/Projects/skilled/dataconnect/example/connector.yaml`: open /home/carlos/Projects/skilled/dataconnect/example/connector.yaml: no such file or directory
 {"metadata":{"emulator":{"name":"dataconnect"},"message":"E0420 10:39:04.911828    6600 watch.go:40] Failed to load config from \"/home/carlos/Projects/skilled/dataconnect\": could not read connector.yaml at `/home/carlos/Projects/skilled/dataconnect/example/connector.yaml`: open /home/carlos/Projects/skilled/dataconnect/example/connector.yaml: no such file or directory\n"}}
[debug] [2026-04-20T15:39:14.907Z] E0420 10:39:14.907357    6600 watch.go:40] Failed to load config from "/home/carlos/Projects/skilled/dataconnect": could not read connector.yaml at `/home/carlos/Projects/skilled/dataconnect/example/connector.yaml`: open /home/carlos/Projects/skilled/dataconnect/example/connector.yaml: no such file or directory
 {"metadata":{"emulator":{"name":"dataconnect"},"message":"E0420 10:39:14.907357    6600 watch.go:40] Failed to load config from \"/home/carlos/Projects/skilled/dataconnect\": could not read connector.yaml at `/home/carlos/Projects/skilled/dataconnect/example/connector.yaml`: open /home/carlos/Projects/skilled/dataconnect/example/connector.yaml: no such file or directory\n"}}
[debug] [2026-04-20T15:39:24.914Z] E0420 10:39:24.911633    6600 watch.go:40] Failed to load config from "/home/carlos/Projects/skilled/dataconnect": could not read connector.yaml at `/home/carlos/Projects/skilled/dataconnect/example/connector.yaml`: open /home/carlos/Projects/skilled/dataconnect/example/connector.yaml: no such file or directory
 {"metadata":{"emulator":{"name":"dataconnect"},"message":"E0420 10:39:24.911633    6600 watch.go:40] Failed to load config from \"/home/carlos/Projects/skilled/dataconnect\": could not read connector.yaml at `/home/carlos/Projects/skilled/dataconnect/example/connector.yaml`: open /home/carlos/Projects/skilled/dataconnect/example/connector.yaml: no such file or directory\n"}}
[debug] [2026-04-20T15:39:34.927Z] E0420 10:39:34.927139    6600 watch.go:40] Failed to load config from "/home/carlos/Projects/skilled/dataconnect": could not read connector.yaml at `/home/carlos/Projects/skilled/dataconnect/example/connector.yaml`: open /home/carlos/Projects/skilled/dataconnect/example/connector.yaml: no such file or directory
 {"metadata":{"emulator":{"name":"dataconnect"},"message":"E0420 10:39:34.927139    6600 watch.go:40] Failed to load config from \"/home/carlos/Projects/skilled/dataconnect\": could not read connector.yaml at `/home/carlos/Projects/skilled/dataconnect/example/connector.yaml`: open /home/carlos/Projects/skilled/dataconnect/example/connector.yaml: no such file or directory\n"}}
[debug] [2026-04-20T15:39:44.906Z] E0420 10:39:44.906373    6600 watch.go:40] Failed to load config from "/home/carlos/Projects/skilled/dataconnect": could not read connector.yaml at `/home/carlos/Projects/skilled/dataconnect/example/connector.yaml`: open /home/carlos/Projects/skilled/dataconnect/example/connector.yaml: no such file or directory
 {"metadata":{"emulator":{"name":"dataconnect"},"message":"E0420 10:39:44.906373    6600 watch.go:40] Failed to load config from \"/home/carlos/Projects/skilled/dataconnect\": could not read connector.yaml at `/home/carlos/Projects/skilled/dataconnect/example/connector.yaml`: open /home/carlos/Projects/skilled/dataconnect/example/connector.yaml: no such file or directory\n"}}
[debug] [2026-04-20T15:39:54.904Z] E0420 10:39:54.903867    6600 watch.go:40] Failed to load config from "/home/carlos/Projects/skilled/dataconnect": could not read connector.yaml at `/home/carlos/Projects/skilled/dataconnect/example/connector.yaml`: open /home/carlos/Projects/skilled/dataconnect/example/connector.yaml: no such file or directory
 {"metadata":{"emulator":{"name":"dataconnect"},"message":"E0420 10:39:54.903867    6600 watch.go:40] Failed to load config from \"/home/carlos/Projects/skilled/dataconnect\": could not read connector.yaml at `/home/carlos/Projects/skilled/dataconnect/example/connector.yaml`: open /home/carlos/Projects/skilled/dataconnect/example/connector.yaml: no such file or directory\n"}}
[debug] [2026-04-20T15:40:04.903Z] E0420 10:40:04.902972    6600 watch.go:40] Failed to load config from "/home/carlos/Projects/skilled/dataconnect": could not read connector.yaml at `/home/carlos/Projects/skilled/dataconnect/example/connector.yaml`: open /home/carlos/Projects/skilled/dataconnect/example/connector.yaml: no such file or directory
 {"metadata":{"emulator":{"name":"dataconnect"},"message":"E0420 10:40:04.902972    6600 watch.go:40] Failed to load config from \"/home/carlos/Projects/skilled/dataconnect\": could not read connector.yaml at `/home/carlos/Projects/skilled/dataconnect/example/connector.yaml`: open /home/carlos/Projects/skilled/dataconnect/example/connector.yaml: no such file or directory\n"}}
[debug] [2026-04-20T15:40:14.907Z] E0420 10:40:14.907296    6600 watch.go:40] Failed to load config from "/home/carlos/Projects/skilled/dataconnect": could not read connector.yaml at `/home/carlos/Projects/skilled/dataconnect/example/connector.yaml`: open /home/carlos/Projects/skilled/dataconnect/example/connector.yaml: no such file or directory
 {"metadata":{"emulator":{"name":"dataconnect"},"message":"E0420 10:40:14.907296    6600 watch.go:40] Failed to load config from \"/home/carlos/Projects/skilled/dataconnect\": could not read connector.yaml at `/home/carlos/Projects/skilled/dataconnect/example/connector.yaml`: open /home/carlos/Projects/skilled/dataconnect/example/connector.yaml: no such file or directory\n"}}
[debug] [2026-04-20T15:40:24.913Z] E0420 10:40:24.912682    6600 watch.go:40] Failed to load config from "/home/carlos/Projects/skilled/dataconnect": could not read connector.yaml at `/home/carlos/Projects/skilled/dataconnect/example/connector.yaml`: open /home/carlos/Projects/skilled/dataconnect/example/connector.yaml: no such file or directory
 {"metadata":{"emulator":{"name":"dataconnect"},"message":"E0420 10:40:24.912682    6600 watch.go:40] Failed to load config from \"/home/carlos/Projects/skilled/dataconnect\": could not read connector.yaml at `/home/carlos/Projects/skilled/dataconnect/example/connector.yaml`: open /home/carlos/Projects/skilled/dataconnect/example/connector.yaml: no such file or directory\n"}}
[debug] [2026-04-20T15:40:34.912Z] E0420 10:40:34.911659    6600 watch.go:40] Failed to load config from "/home/carlos/Projects/skilled/dataconnect": could not read connector.yaml at `/home/carlos/Projects/skilled/dataconnect/example/connector.yaml`: open /home/carlos/Projects/skilled/dataconnect/example/connector.yaml: no such file or directory
 {"metadata":{"emulator":{"name":"dataconnect"},"message":"E0420 10:40:34.911659    6600 watch.go:40] Failed to load config from \"/home/carlos/Projects/skilled/dataconnect\": could not read connector.yaml at `/home/carlos/Projects/skilled/dataconnect/example/connector.yaml`: open /home/carlos/Projects/skilled/dataconnect/example/connector.yaml: no such file or directory\n"}}
[debug] [2026-04-20T15:40:44.908Z] E0420 10:40:44.908151    6600 watch.go:40] Failed to load config from "/home/carlos/Projects/skilled/dataconnect": could not read connector.yaml at `/home/carlos/Projects/skilled/dataconnect/example/connector.yaml`: open /home/carlos/Projects/skilled/dataconnect/example/connector.yaml: no such file or directory
 {"metadata":{"emulator":{"name":"dataconnect"},"message":"E0420 10:40:44.908151    6600 watch.go:40] Failed to load config from \"/home/carlos/Projects/skilled/dataconnect\": could not read connector.yaml at `/home/carlos/Projects/skilled/dataconnect/example/connector.yaml`: open /home/carlos/Projects/skilled/dataconnect/example/connector.yaml: no such file or directory\n"}}
[debug] [2026-04-20T15:40:54.912Z] E0420 10:40:54.912375    6600 watch.go:40] Failed to load config from "/home/carlos/Projects/skilled/dataconnect": could not read connector.yaml at `/home/carlos/Projects/skilled/dataconnect/example/connector.yaml`: open /home/carlos/Projects/skilled/dataconnect/example/connector.yaml: no such file or directory
 {"metadata":{"emulator":{"name":"dataconnect"},"message":"E0420 10:40:54.912375    6600 watch.go:40] Failed to load config from \"/home/carlos/Projects/skilled/dataconnect\": could not read connector.yaml at `/home/carlos/Projects/skilled/dataconnect/example/connector.yaml`: open /home/carlos/Projects/skilled/dataconnect/example/connector.yaml: no such file or directory\n"}}
[debug] [2026-04-20T15:41:04.912Z] E0420 10:41:04.911634    6600 watch.go:40] Failed to load config from "/home/carlos/Projects/skilled/dataconnect": could not read connector.yaml at `/home/carlos/Projects/skilled/dataconnect/example/connector.yaml`: open /home/carlos/Projects/skilled/dataconnect/example/connector.yaml: no such file or directory
 {"metadata":{"emulator":{"name":"dataconnect"},"message":"E0420 10:41:04.911634    6600 watch.go:40] Failed to load config from \"/home/carlos/Projects/skilled/dataconnect\": could not read connector.yaml at `/home/carlos/Projects/skilled/dataconnect/example/connector.yaml`: open /home/carlos/Projects/skilled/dataconnect/example/connector.yaml: no such file or directory\n"}}
[debug] [2026-04-20T15:41:14.908Z] E0420 10:41:14.908168    6600 watch.go:40] Failed to load config from "/home/carlos/Projects/skilled/dataconnect": could not read connector.yaml at `/home/carlos/Projects/skilled/dataconnect/example/connector.yaml`: open /home/carlos/Projects/skilled/dataconnect/example/connector.yaml: no such file or directory
 {"metadata":{"emulator":{"name":"dataconnect"},"message":"E0420 10:41:14.908168    6600 watch.go:40] Failed to load config from \"/home/carlos/Projects/skilled/dataconnect\": could not read connector.yaml at `/home/carlos/Projects/skilled/dataconnect/example/connector.yaml`: open /home/carlos/Projects/skilled/dataconnect/example/connector.yaml: no such file or directory\n"}}
[debug] [2026-04-20T15:41:24.912Z] E0420 10:41:24.911636    6600 watch.go:40] Failed to load config from "/home/carlos/Projects/skilled/dataconnect": could not read connector.yaml at `/home/carlos/Projects/skilled/dataconnect/example/connector.yaml`: open /home/carlos/Projects/skilled/dataconnect/example/connector.yaml: no such file or directory
 {"metadata":{"emulator":{"name":"dataconnect"},"message":"E0420 10:41:24.911636    6600 watch.go:40] Failed to load config from \"/home/carlos/Projects/skilled/dataconnect\": could not read connector.yaml at `/home/carlos/Projects/skilled/dataconnect/example/connector.yaml`: open /home/carlos/Projects/skilled/dataconnect/example/connector.yaml: no such file or directory\n"}}
[debug] [2026-04-20T15:41:34.912Z] E0420 10:41:34.911851    6600 watch.go:40] Failed to load config from "/home/carlos/Projects/skilled/dataconnect": could not read connector.yaml at `/home/carlos/Projects/skilled/dataconnect/example/connector.yaml`: open /home/carlos/Projects/skilled/dataconnect/example/connector.yaml: no such file or directory
 {"metadata":{"emulator":{"name":"dataconnect"},"message":"E0420 10:41:34.911851    6600 watch.go:40] Failed to load config from \"/home/carlos/Projects/skilled/dataconnect\": could not read connector.yaml at `/home/carlos/Projects/skilled/dataconnect/example/connector.yaml`: open /home/carlos/Projects/skilled/dataconnect/example/connector.yaml: no such file or directory\n"}}
[debug] [2026-04-20T15:41:44.907Z] E0420 10:41:44.906648    6600 watch.go:40] Failed to load config from "/home/carlos/Projects/skilled/dataconnect": could not read connector.yaml at `/home/carlos/Projects/skilled/dataconnect/example/connector.yaml`: open /home/carlos/Projects/skilled/dataconnect/example/connector.yaml: no such file or directory
 {"metadata":{"emulator":{"name":"dataconnect"},"message":"E0420 10:41:44.906648    6600 watch.go:40] Failed to load config from \"/home/carlos/Projects/skilled/dataconnect\": could not read connector.yaml at `/home/carlos/Projects/skilled/dataconnect/example/connector.yaml`: open /home/carlos/Projects/skilled/dataconnect/example/connector.yaml: no such file or directory\n"}}
[debug] [2026-04-20T15:41:54.921Z] E0420 10:41:54.911825    6600 watch.go:40] Failed to load config from "/home/carlos/Projects/skilled/dataconnect": could not read connector.yaml at `/home/carlos/Projects/skilled/dataconnect/example/connector.yaml`: open /home/carlos/Projects/skilled/dataconnect/example/connector.yaml: no such file or directory
 {"metadata":{"emulator":{"name":"dataconnect"},"message":"E0420 10:41:54.911825    6600 watch.go:40] Failed to load config from \"/home/carlos/Projects/skilled/dataconnect\": could not read connector.yaml at `/home/carlos/Projects/skilled/dataconnect/example/connector.yaml`: open /home/carlos/Projects/skilled/dataconnect/example/connector.yaml: no such file or directory\n"}}
[debug] [2026-04-20T15:42:04.902Z] E0420 10:42:04.902763    6600 watch.go:40] Failed to load config from "/home/carlos/Projects/skilled/dataconnect": could not read connector.yaml at `/home/carlos/Projects/skilled/dataconnect/example/connector.yaml`: open /home/carlos/Projects/skilled/dataconnect/example/connector.yaml: no such file or directory
 {"metadata":{"emulator":{"name":"dataconnect"},"message":"E0420 10:42:04.902763    6600 watch.go:40] Failed to load config from \"/home/carlos/Projects/skilled/dataconnect\": could not read connector.yaml at `/home/carlos/Projects/skilled/dataconnect/example/connector.yaml`: open /home/carlos/Projects/skilled/dataconnect/example/connector.yaml: no such file or directory\n"}}
[debug] [2026-04-20T15:42:14.919Z] E0420 10:42:14.907627    6600 watch.go:40] Failed to load config from "/home/carlos/Projects/skilled/dataconnect": could not read connector.yaml at `/home/carlos/Projects/skilled/dataconnect/example/connector.yaml`: open /home/carlos/Projects/skilled/dataconnect/example/connector.yaml: no such file or directory
 {"metadata":{"emulator":{"name":"dataconnect"},"message":"E0420 10:42:14.907627    6600 watch.go:40] Failed to load config from \"/home/carlos/Projects/skilled/dataconnect\": could not read connector.yaml at `/home/carlos/Projects/skilled/dataconnect/example/connector.yaml`: open /home/carlos/Projects/skilled/dataconnect/example/connector.yaml: no such file or directory\n"}}
[debug] [2026-04-20T15:42:24.904Z] E0420 10:42:24.904287    6600 watch.go:40] Failed to load config from "/home/carlos/Projects/skilled/dataconnect": could not read connector.yaml at `/home/carlos/Projects/skilled/dataconnect/example/connector.yaml`: open /home/carlos/Projects/skilled/dataconnect/example/connector.yaml: no such file or directory
 {"metadata":{"emulator":{"name":"dataconnect"},"message":"E0420 10:42:24.904287    6600 watch.go:40] Failed to load config from \"/home/carlos/Projects/skilled/dataconnect\": could not read connector.yaml at `/home/carlos/Projects/skilled/dataconnect/example/connector.yaml`: open /home/carlos/Projects/skilled/dataconnect/example/connector.yaml: no such file or directory\n"}}
[debug] [2026-04-20T15:42:34.913Z] E0420 10:42:34.912688    6600 watch.go:40] Failed to load config from "/home/carlos/Projects/skilled/dataconnect": could not read connector.yaml at `/home/carlos/Projects/skilled/dataconnect/example/connector.yaml`: open /home/carlos/Projects/skilled/dataconnect/example/connector.yaml: no such file or directory
 {"metadata":{"emulator":{"name":"dataconnect"},"message":"E0420 10:42:34.912688    6600 watch.go:40] Failed to load config from \"/home/carlos/Projects/skilled/dataconnect\": could not read connector.yaml at `/home/carlos/Projects/skilled/dataconnect/example/connector.yaml`: open /home/carlos/Projects/skilled/dataconnect/example/connector.yaml: no such file or directory\n"}}
[debug] [2026-04-20T15:42:44.907Z] E0420 10:42:44.907513    6600 watch.go:40] Failed to load config from "/home/carlos/Projects/skilled/dataconnect": could not read connector.yaml at `/home/carlos/Projects/skilled/dataconnect/example/connector.yaml`: open /home/carlos/Projects/skilled/dataconnect/example/connector.yaml: no such file or directory
 {"metadata":{"emulator":{"name":"dataconnect"},"message":"E0420 10:42:44.907513    6600 watch.go:40] Failed to load config from \"/home/carlos/Projects/skilled/dataconnect\": could not read connector.yaml at `/home/carlos/Projects/skilled/dataconnect/example/connector.yaml`: open /home/carlos/Projects/skilled/dataconnect/example/connector.yaml: no such file or directory\n"}}
[debug] [2026-04-20T15:42:54.913Z] E0420 10:42:54.912683    6600 watch.go:40] Failed to load config from "/home/carlos/Projects/skilled/dataconnect": could not read connector.yaml at `/home/carlos/Projects/skilled/dataconnect/example/connector.yaml`: open /home/carlos/Projects/skilled/dataconnect/example/connector.yaml: no such file or directory
 {"metadata":{"emulator":{"name":"dataconnect"},"message":"E0420 10:42:54.912683    6600 watch.go:40] Failed to load config from \"/home/carlos/Projects/skilled/dataconnect\": could not read connector.yaml at `/home/carlos/Projects/skilled/dataconnect/example/connector.yaml`: open /home/carlos/Projects/skilled/dataconnect/example/connector.yaml: no such file or directory\n"}}
[debug] [2026-04-20T15:43:04.924Z] E0420 10:43:04.911449    6600 watch.go:40] Failed to load config from "/home/carlos/Projects/skilled/dataconnect": could not read connector.yaml at `/home/carlos/Projects/skilled/dataconnect/example/connector.yaml`: open /home/carlos/Projects/skilled/dataconnect/example/connector.yaml: no such file or directory
 {"metadata":{"emulator":{"name":"dataconnect"},"message":"E0420 10:43:04.911449    6600 watch.go:40] Failed to load config from \"/home/carlos/Projects/skilled/dataconnect\": could not read connector.yaml at `/home/carlos/Projects/skilled/dataconnect/example/connector.yaml`: open /home/carlos/Projects/skilled/dataconnect/example/connector.yaml: no such file or directory\n"}}
[debug] [2026-04-20T15:43:14.907Z] E0420 10:43:14.907296    6600 watch.go:40] Failed to load config from "/home/carlos/Projects/skilled/dataconnect": could not read connector.yaml at `/home/carlos/Projects/skilled/dataconnect/example/connector.yaml`: open /home/carlos/Projects/skilled/dataconnect/example/connector.yaml: no such file or directory
 {"metadata":{"emulator":{"name":"dataconnect"},"message":"E0420 10:43:14.907296    6600 watch.go:40] Failed to load config from \"/home/carlos/Projects/skilled/dataconnect\": could not read connector.yaml at `/home/carlos/Projects/skilled/dataconnect/example/connector.yaml`: open /home/carlos/Projects/skilled/dataconnect/example/connector.yaml: no such file or directory\n"}}
[debug] [2026-04-20T15:43:24.912Z] E0420 10:43:24.912294    6600 watch.go:40] Failed to load config from "/home/carlos/Projects/skilled/dataconnect": could not read connector.yaml at `/home/carlos/Projects/skilled/dataconnect/example/connector.yaml`: open /home/carlos/Projects/skilled/dataconnect/example/connector.yaml: no such file or directory
 {"metadata":{"emulator":{"name":"dataconnect"},"message":"E0420 10:43:24.912294    6600 watch.go:40] Failed to load config from \"/home/carlos/Projects/skilled/dataconnect\": could not read connector.yaml at `/home/carlos/Projects/skilled/dataconnect/example/connector.yaml`: open /home/carlos/Projects/skilled/dataconnect/example/connector.yaml: no such file or directory\n"}}
[debug] [2026-04-20T15:43:34.924Z] E0420 10:43:34.912377    6600 watch.go:40] Failed to load config from "/home/carlos/Projects/skilled/dataconnect": could not read connector.yaml at `/home/carlos/Projects/skilled/dataconnect/example/connector.yaml`: open /home/carlos/Projects/skilled/dataconnect/example/connector.yaml: no such file or directory
 {"metadata":{"emulator":{"name":"dataconnect"},"message":"E0420 10:43:34.912377    6600 watch.go:40] Failed to load config from \"/home/carlos/Projects/skilled/dataconnect\": could not read connector.yaml at `/home/carlos/Projects/skilled/dataconnect/example/connector.yaml`: open /home/carlos/Projects/skilled/dataconnect/example/connector.yaml: no such file or directory\n"}}
[debug] [2026-04-20T15:43:44.908Z] E0420 10:43:44.908242    6600 watch.go:40] Failed to load config from "/home/carlos/Projects/skilled/dataconnect": could not read connector.yaml at `/home/carlos/Projects/skilled/dataconnect/example/connector.yaml`: open /home/carlos/Projects/skilled/dataconnect/example/connector.yaml: no such file or directory
 {"metadata":{"emulator":{"name":"dataconnect"},"message":"E0420 10:43:44.908242    6600 watch.go:40] Failed to load config from \"/home/carlos/Projects/skilled/dataconnect\": could not read connector.yaml at `/home/carlos/Projects/skilled/dataconnect/example/connector.yaml`: open /home/carlos/Projects/skilled/dataconnect/example/connector.yaml: no such file or directory\n"}}
[debug] [2026-04-20T15:43:54.912Z] E0420 10:43:54.912427    6600 watch.go:40] Failed to load config from "/home/carlos/Projects/skilled/dataconnect": could not read connector.yaml at `/home/carlos/Projects/skilled/dataconnect/example/connector.yaml`: open /home/carlos/Projects/skilled/dataconnect/example/connector.yaml: no such file or directory
 {"metadata":{"emulator":{"name":"dataconnect"},"message":"E0420 10:43:54.912427    6600 watch.go:40] Failed to load config from \"/home/carlos/Projects/skilled/dataconnect\": could not read connector.yaml at `/home/carlos/Projects/skilled/dataconnect/example/connector.yaml`: open /home/carlos/Projects/skilled/dataconnect/example/connector.yaml: no such file or directory\n"}}
[debug] [2026-04-20T15:44:04.911Z] E0420 10:44:04.911304    6600 watch.go:40] Failed to load config from "/home/carlos/Projects/skilled/dataconnect": could not read connector.yaml at `/home/carlos/Projects/skilled/dataconnect/example/connector.yaml`: open /home/carlos/Projects/skilled/dataconnect/example/connector.yaml: no such file or directory
 {"metadata":{"emulator":{"name":"dataconnect"},"message":"E0420 10:44:04.911304    6600 watch.go:40] Failed to load config from \"/home/carlos/Projects/skilled/dataconnect\": could not read connector.yaml at `/home/carlos/Projects/skilled/dataconnect/example/connector.yaml`: open /home/carlos/Projects/skilled/dataconnect/example/connector.yaml: no such file or directory\n"}}
[debug] [2026-04-20T15:44:14.902Z] E0420 10:44:14.902540    6600 watch.go:40] Failed to load config from "/home/carlos/Projects/skilled/dataconnect": could not read connector.yaml at `/home/carlos/Projects/skilled/dataconnect/example/connector.yaml`: open /home/carlos/Projects/skilled/dataconnect/example/connector.yaml: no such file or directory
 {"metadata":{"emulator":{"name":"dataconnect"},"message":"E0420 10:44:14.902540    6600 watch.go:40] Failed to load config from \"/home/carlos/Projects/skilled/dataconnect\": could not read connector.yaml at `/home/carlos/Projects/skilled/dataconnect/example/connector.yaml`: open /home/carlos/Projects/skilled/dataconnect/example/connector.yaml: no such file or directory\n"}}
[debug] [2026-04-20T15:44:24.913Z] E0420 10:44:24.912637    6600 watch.go:40] Failed to load config from "/home/carlos/Projects/skilled/dataconnect": could not read connector.yaml at `/home/carlos/Projects/skilled/dataconnect/example/connector.yaml`: open /home/carlos/Projects/skilled/dataconnect/example/connector.yaml: no such file or directory
 {"metadata":{"emulator":{"name":"dataconnect"},"message":"E0420 10:44:24.912637    6600 watch.go:40] Failed to load config from \"/home/carlos/Projects/skilled/dataconnect\": could not read connector.yaml at `/home/carlos/Projects/skilled/dataconnect/example/connector.yaml`: open /home/carlos/Projects/skilled/dataconnect/example/connector.yaml: no such file or directory\n"}}
[debug] [2026-04-20T15:44:34.912Z] E0420 10:44:34.911816    6600 watch.go:40] Failed to load config from "/home/carlos/Projects/skilled/dataconnect": could not read connector.yaml at `/home/carlos/Projects/skilled/dataconnect/example/connector.yaml`: open /home/carlos/Projects/skilled/dataconnect/example/connector.yaml: no such file or directory
 {"metadata":{"emulator":{"name":"dataconnect"},"message":"E0420 10:44:34.911816    6600 watch.go:40] Failed to load config from \"/home/carlos/Projects/skilled/dataconnect\": could not read connector.yaml at `/home/carlos/Projects/skilled/dataconnect/example/connector.yaml`: open /home/carlos/Projects/skilled/dataconnect/example/connector.yaml: no such file or directory\n"}}
[debug] [2026-04-20T15:44:44.907Z] E0420 10:44:44.906656    6600 watch.go:40] Failed to load config from "/home/carlos/Projects/skilled/dataconnect": could not read connector.yaml at `/home/carlos/Projects/skilled/dataconnect/example/connector.yaml`: open /home/carlos/Projects/skilled/dataconnect/example/connector.yaml: no such file or directory
 {"metadata":{"emulator":{"name":"dataconnect"},"message":"E0420 10:44:44.906656    6600 watch.go:40] Failed to load config from \"/home/carlos/Projects/skilled/dataconnect\": could not read connector.yaml at `/home/carlos/Projects/skilled/dataconnect/example/connector.yaml`: open /home/carlos/Projects/skilled/dataconnect/example/connector.yaml: no such file or directory\n"}}
[debug] [2026-04-20T15:44:54.912Z] E0420 10:44:54.911812    6600 watch.go:40] Failed to load config from "/home/carlos/Projects/skilled/dataconnect": could not read connector.yaml at `/home/carlos/Projects/skilled/dataconnect/example/connector.yaml`: open /home/carlos/Projects/skilled/dataconnect/example/connector.yaml: no such file or directory
 {"metadata":{"emulator":{"name":"dataconnect"},"message":"E0420 10:44:54.911812    6600 watch.go:40] Failed to load config from \"/home/carlos/Projects/skilled/dataconnect\": could not read connector.yaml at `/home/carlos/Projects/skilled/dataconnect/example/connector.yaml`: open /home/carlos/Projects/skilled/dataconnect/example/connector.yaml: no such file or directory\n"}}
[debug] [2026-04-20T15:45:04.905Z] E0420 10:45:04.904883    6600 watch.go:40] Failed to load config from "/home/carlos/Projects/skilled/dataconnect": could not read connector.yaml at `/home/carlos/Projects/skilled/dataconnect/example/connector.yaml`: open /home/carlos/Projects/skilled/dataconnect/example/connector.yaml: no such file or directory
 {"metadata":{"emulator":{"name":"dataconnect"},"message":"E0420 10:45:04.904883    6600 watch.go:40] Failed to load config from \"/home/carlos/Projects/skilled/dataconnect\": could not read connector.yaml at `/home/carlos/Projects/skilled/dataconnect/example/connector.yaml`: open /home/carlos/Projects/skilled/dataconnect/example/connector.yaml: no such file or directory\n"}}
[debug] [2026-04-20T15:45:14.907Z] E0420 10:45:14.907399    6600 watch.go:40] Failed to load config from "/home/carlos/Projects/skilled/dataconnect": could not read connector.yaml at `/home/carlos/Projects/skilled/dataconnect/example/connector.yaml`: open /home/carlos/Projects/skilled/dataconnect/example/connector.yaml: no such file or directory
 {"metadata":{"emulator":{"name":"dataconnect"},"message":"E0420 10:45:14.907399    6600 watch.go:40] Failed to load config from \"/home/carlos/Projects/skilled/dataconnect\": could not read connector.yaml at `/home/carlos/Projects/skilled/dataconnect/example/connector.yaml`: open /home/carlos/Projects/skilled/dataconnect/example/connector.yaml: no such file or directory\n"}}
[debug] [2026-04-20T15:45:24.903Z] E0420 10:45:24.902903    6600 watch.go:40] Failed to load config from "/home/carlos/Projects/skilled/dataconnect": could not read connector.yaml at `/home/carlos/Projects/skilled/dataconnect/example/connector.yaml`: open /home/carlos/Projects/skilled/dataconnect/example/connector.yaml: no such file or directory
 {"metadata":{"emulator":{"name":"dataconnect"},"message":"E0420 10:45:24.902903    6600 watch.go:40] Failed to load config from \"/home/carlos/Projects/skilled/dataconnect\": could not read connector.yaml at `/home/carlos/Projects/skilled/dataconnect/example/connector.yaml`: open /home/carlos/Projects/skilled/dataconnect/example/connector.yaml: no such file or directory\n"}}
[debug] [2026-04-20T15:45:34.912Z] E0420 10:45:34.912158    6600 watch.go:40] Failed to load config from "/home/carlos/Projects/skilled/dataconnect": could not read connector.yaml at `/home/carlos/Projects/skilled/dataconnect/example/connector.yaml`: open /home/carlos/Projects/skilled/dataconnect/example/connector.yaml: no such file or directory
 {"metadata":{"emulator":{"name":"dataconnect"},"message":"E0420 10:45:34.912158    6600 watch.go:40] Failed to load config from \"/home/carlos/Projects/skilled/dataconnect\": could not read connector.yaml at `/home/carlos/Projects/skilled/dataconnect/example/connector.yaml`: open /home/carlos/Projects/skilled/dataconnect/example/connector.yaml: no such file or directory\n"}}
[debug] [2026-04-20T15:45:44.906Z] E0420 10:45:44.906152    6600 watch.go:40] Failed to load config from "/home/carlos/Projects/skilled/dataconnect": could not read connector.yaml at `/home/carlos/Projects/skilled/dataconnect/example/connector.yaml`: open /home/carlos/Projects/skilled/dataconnect/example/connector.yaml: no such file or directory
 {"metadata":{"emulator":{"name":"dataconnect"},"message":"E0420 10:45:44.906152    6600 watch.go:40] Failed to load config from \"/home/carlos/Projects/skilled/dataconnect\": could not read connector.yaml at `/home/carlos/Projects/skilled/dataconnect/example/connector.yaml`: open /home/carlos/Projects/skilled/dataconnect/example/connector.yaml: no such file or directory\n"}}
[debug] [2026-04-20T15:45:55.006Z] E0420 10:45:54.911282    6600 watch.go:40] Failed to load config from "/home/carlos/Projects/skilled/dataconnect": could not read connector.yaml at `/home/carlos/Projects/skilled/dataconnect/example/connector.yaml`: open /home/carlos/Projects/skilled/dataconnect/example/connector.yaml: no such file or directory
 {"metadata":{"emulator":{"name":"dataconnect"},"message":"E0420 10:45:54.911282    6600 watch.go:40] Failed to load config from \"/home/carlos/Projects/skilled/dataconnect\": could not read connector.yaml at `/home/carlos/Projects/skilled/dataconnect/example/connector.yaml`: open /home/carlos/Projects/skilled/dataconnect/example/connector.yaml: no such file or directory\n"}}
[debug] [2026-04-20T15:46:04.912Z] E0420 10:46:04.912372    6600 watch.go:40] Failed to load config from "/home/carlos/Projects/skilled/dataconnect": could not read connector.yaml at `/home/carlos/Projects/skilled/dataconnect/example/connector.yaml`: open /home/carlos/Projects/skilled/dataconnect/example/connector.yaml: no such file or directory
 {"metadata":{"emulator":{"name":"dataconnect"},"message":"E0420 10:46:04.912372    6600 watch.go:40] Failed to load config from \"/home/carlos/Projects/skilled/dataconnect\": could not read connector.yaml at `/home/carlos/Projects/skilled/dataconnect/example/connector.yaml`: open /home/carlos/Projects/skilled/dataconnect/example/connector.yaml: no such file or directory\n"}}
[debug] [2026-04-20T15:46:14.904Z] E0420 10:46:14.903711    6600 watch.go:40] Failed to load config from "/home/carlos/Projects/skilled/dataconnect": could not read connector.yaml at `/home/carlos/Projects/skilled/dataconnect/example/connector.yaml`: open /home/carlos/Projects/skilled/dataconnect/example/connector.yaml: no such file or directory
 {"metadata":{"emulator":{"name":"dataconnect"},"message":"E0420 10:46:14.903711    6600 watch.go:40] Failed to load config from \"/home/carlos/Projects/skilled/dataconnect\": could not read connector.yaml at `/home/carlos/Projects/skilled/dataconnect/example/connector.yaml`: open /home/carlos/Projects/skilled/dataconnect/example/connector.yaml: no such file or directory\n"}}
[debug] [2026-04-20T15:46:24.903Z] E0420 10:46:24.902953    6600 watch.go:40] Failed to load config from "/home/carlos/Projects/skilled/dataconnect": could not read connector.yaml at `/home/carlos/Projects/skilled/dataconnect/example/connector.yaml`: open /home/carlos/Projects/skilled/dataconnect/example/connector.yaml: no such file or directory
 {"metadata":{"emulator":{"name":"dataconnect"},"message":"E0420 10:46:24.902953    6600 watch.go:40] Failed to load config from \"/home/carlos/Projects/skilled/dataconnect\": could not read connector.yaml at `/home/carlos/Projects/skilled/dataconnect/example/connector.yaml`: open /home/carlos/Projects/skilled/dataconnect/example/connector.yaml: no such file or directory\n"}}
[debug] [2026-04-20T15:46:34.913Z] E0420 10:46:34.912724    6600 watch.go:40] Failed to load config from "/home/carlos/Projects/skilled/dataconnect": could not read connector.yaml at `/home/carlos/Projects/skilled/dataconnect/example/connector.yaml`: open /home/carlos/Projects/skilled/dataconnect/example/connector.yaml: no such file or directory
 {"metadata":{"emulator":{"name":"dataconnect"},"message":"E0420 10:46:34.912724    6600 watch.go:40] Failed to load config from \"/home/carlos/Projects/skilled/dataconnect\": could not read connector.yaml at `/home/carlos/Projects/skilled/dataconnect/example/connector.yaml`: open /home/carlos/Projects/skilled/dataconnect/example/connector.yaml: no such file or directory\n"}}
[debug] [2026-04-20T15:46:44.908Z] E0420 10:46:44.908300    6600 watch.go:40] Failed to load config from "/home/carlos/Projects/skilled/dataconnect": could not read connector.yaml at `/home/carlos/Projects/skilled/dataconnect/example/connector.yaml`: open /home/carlos/Projects/skilled/dataconnect/example/connector.yaml: no such file or directory
 {"metadata":{"emulator":{"name":"dataconnect"},"message":"E0420 10:46:44.908300    6600 watch.go:40] Failed to load config from \"/home/carlos/Projects/skilled/dataconnect\": could not read connector.yaml at `/home/carlos/Projects/skilled/dataconnect/example/connector.yaml`: open /home/carlos/Projects/skilled/dataconnect/example/connector.yaml: no such file or directory\n"}}
[debug] [2026-04-20T15:46:54.986Z] E0420 10:46:54.911229    6600 watch.go:40] Failed to load config from "/home/carlos/Projects/skilled/dataconnect": could not find dataconnect.yaml in `/home/carlos/Projects/skilled/dataconnect`
 {"metadata":{"emulator":{"name":"dataconnect"},"message":"E0420 10:46:54.911229    6600 watch.go:40] Failed to load config from \"/home/carlos/Projects/skilled/dataconnect\": could not find dataconnect.yaml in `/home/carlos/Projects/skilled/dataconnect`\n"}}
[debug] [2026-04-20T15:47:04.912Z] E0420 10:47:04.912346    6600 watch.go:40] Failed to load config from "/home/carlos/Projects/skilled/dataconnect": could not find dataconnect.yaml in `/home/carlos/Projects/skilled/dataconnect`
 {"metadata":{"emulator":{"name":"dataconnect"},"message":"E0420 10:47:04.912346    6600 watch.go:40] Failed to load config from \"/home/carlos/Projects/skilled/dataconnect\": could not find dataconnect.yaml in `/home/carlos/Projects/skilled/dataconnect`\n"}}
[debug] [2026-04-20T15:47:14.908Z] E0420 10:47:14.907826    6600 watch.go:40] Failed to load config from "/home/carlos/Projects/skilled/dataconnect": could not find dataconnect.yaml in `/home/carlos/Projects/skilled/dataconnect`
 {"metadata":{"emulator":{"name":"dataconnect"},"message":"E0420 10:47:14.907826    6600 watch.go:40] Failed to load config from \"/home/carlos/Projects/skilled/dataconnect\": could not find dataconnect.yaml in `/home/carlos/Projects/skilled/dataconnect`\n"}}
[debug] [2026-04-20T15:47:24.912Z] E0420 10:47:24.912028    6600 watch.go:40] Failed to load config from "/home/carlos/Projects/skilled/dataconnect": could not find dataconnect.yaml in `/home/carlos/Projects/skilled/dataconnect`
 {"metadata":{"emulator":{"name":"dataconnect"},"message":"E0420 10:47:24.912028    6600 watch.go:40] Failed to load config from \"/home/carlos/Projects/skilled/dataconnect\": could not find dataconnect.yaml in `/home/carlos/Projects/skilled/dataconnect`\n"}}
[debug] [2026-04-20T15:47:34.909Z] E0420 10:47:34.908921    6600 watch.go:40] Failed to load config from "/home/carlos/Projects/skilled/dataconnect": could not find dataconnect.yaml in `/home/carlos/Projects/skilled/dataconnect`
 {"metadata":{"emulator":{"name":"dataconnect"},"message":"E0420 10:47:34.908921    6600 watch.go:40] Failed to load config from \"/home/carlos/Projects/skilled/dataconnect\": could not find dataconnect.yaml in `/home/carlos/Projects/skilled/dataconnect`\n"}}
[debug] [2026-04-20T15:47:44.907Z] E0420 10:47:44.907333    6600 watch.go:40] Failed to load config from "/home/carlos/Projects/skilled/dataconnect": could not find dataconnect.yaml in `/home/carlos/Projects/skilled/dataconnect`
 {"metadata":{"emulator":{"name":"dataconnect"},"message":"E0420 10:47:44.907333    6600 watch.go:40] Failed to load config from \"/home/carlos/Projects/skilled/dataconnect\": could not find dataconnect.yaml in `/home/carlos/Projects/skilled/dataconnect`\n"}}
